Using pre-set license
Built from '2020.3/staging' branch; Version is '2020.3.4f1 (0abb6314276a) revision 703331'; Using compiler version '192528614'; Build Type 'Release'
OS: 'Windows 10 Pro; OS build 19042.1237; Version 2009; 64bit' Language: 'en' Physical Memory: 16235 MB
BatchMode: 1, IsHumanControllingUs: 0, StartBugReporterOnCrash: 0, Is64bit: 1, IsPro: 0

 COMMAND LINE ARGUMENTS:
D:\Unity\2020.3.4f1\Editor\Unity.exe
-adb2
-batchMode
-noUpm
-name
AssetImportWorker1
-projectPath
D:/Unity GameProject/Comp4971C
-logFile
Logs/AssetImportWorker1.log
-srvPort
62565
Successfully changed project path to: D:/Unity GameProject/Comp4971C
D:/Unity GameProject/Comp4971C
Using Asset Import Pipeline V2.
Refreshing native plugins compatible for Editor in 112.11 ms, found 1 plugins.
Preloading 0 native plugins for Editor in 0.00 ms.
Initialize engine version: 2020.3.4f1 (0abb6314276a)
[Subsystems] Discovering subsystems at path D:/Unity/2020.3.4f1/Editor/Data/Resources/UnitySubsystems
[Subsystems] Discovering subsystems at path D:/Unity GameProject/Comp4971C/Assets
GfxDevice: creating device client; threaded=0
Direct3D:
    Version:  Direct3D 11.0 [level 11.1]
    Renderer: NVIDIA GeForce RTX 2060 SUPER (ID=0x1f06)
    Vendor:   
    VRAM:     8031 MB
    Driver:   30.0.14.7168
Shader 'Universal Render Pipeline/Particles/Lit': fallback shader 'Universal Render Pipeline/Particles/SimpleLit' not found
Initialize mono
Mono path[0] = 'D:/Unity/2020.3.4f1/Editor/Data/Managed'
Mono path[1] = 'D:/Unity/2020.3.4f1/Editor/Data/MonoBleedingEdge/lib/mono/unityjit'
Mono config path = 'D:/Unity/2020.3.4f1/Editor/Data/MonoBleedingEdge/etc'
Using monoOptions --debugger-agent=transport=dt_socket,embedding=1,server=y,suspend=n,address=127.0.0.1:56928
Begin MonoManager ReloadAssembly
Registering precompiled unity dll's ...
Register platform support module: D:/Unity/2020.3.4f1/Editor/Data/PlaybackEngines/WebGLSupport/UnityEditor.WebGL.Extensions.dll
Register platform support module: D:/Unity/2020.3.4f1/Editor/Data/PlaybackEngines/WindowsStandaloneSupport/UnityEditor.WindowsStandalone.Extensions.dll
Registered in 0.001312 seconds.
Native extension for WindowsStandalone target not found
Native extension for WebGL target not found
Refreshing native plugins compatible for Editor in 110.41 ms, found 1 plugins.
Preloading 0 native plugins for Editor in 0.00 ms.
Mono: successfully reloaded assembly
- Completed reload, in  1.560 seconds
Platform modules already initialized, skipping
Registering precompiled user dll's ...
Registered in 0.003161 seconds.
Begin MonoManager ReloadAssembly
Native extension for WindowsStandalone target not found
Native extension for WebGL target not found
Refreshing native plugins compatible for Editor in 117.74 ms, found 1 plugins.
Preloading 0 native plugins for Editor in 0.00 ms.
Mono: successfully reloaded assembly
- Completed reload, in  4.990 seconds
Platform modules already initialized, skipping
========================================================================
Worker process is ready to serve import requests
Shader 'Universal Render Pipeline/Particles/Lit': fallback shader 'Universal Render Pipeline/Particles/SimpleLit' not found
Launched and connected shader compiler UnityShaderCompiler.exe after 1.09 seconds
Refreshing native plugins compatible for Editor in 1.13 ms, found 1 plugins.
Preloading 0 native plugins for Editor in 0.00 ms.
Unloading 4569 Unused Serialized files (Serialized files now loaded: 0)
System memory in use before: 215.4 MB.
System memory in use after: 215.6 MB.

Unloading 26 unused Assets to reduce memory usage. Loaded Objects now: 5008.
Total: 7.453400 ms (FindLiveObjects: 0.400100 ms CreateObjectMapping: 0.312100 ms MarkObjects: 6.623000 ms  DeleteObjects: 0.116500 ms)

========================================================================
Received Import Request.
  path: Assets/Scripts/ProceduralDungeonGeneration/Connector.cs
  artifactKey: Guid(977d938f9632dda43b69b10d00b20d77) Importer(815301076,1909f56bfc062723c751e8b465ee728b)
Start importing Assets/Scripts/ProceduralDungeonGeneration/Connector.cs using Guid(977d938f9632dda43b69b10d00b20d77) Importer(815301076,1909f56bfc062723c751e8b465ee728b)  -> (artifact id: '8e07dc18036152d368c940727f6e0146') in 0.096757 seconds
  Import took 0.106758 seconds .

========================================================================
Received Import Request.
  Time since last request: 0.000568 seconds.
  path: Assets/Scripts/ProceduralDungeonGeneration/DungeonGenerator.cs
  artifactKey: Guid(de0a0c8feb6392449a01bd310ed2f0bb) Importer(815301076,1909f56bfc062723c751e8b465ee728b)
Start importing Assets/Scripts/ProceduralDungeonGeneration/DungeonGenerator.cs using Guid(de0a0c8feb6392449a01bd310ed2f0bb) Importer(815301076,1909f56bfc062723c751e8b465ee728b)  -> (artifact id: 'de40c7df8a53866547784bf30883b19f') in 0.005910 seconds
  Import took 0.016008 seconds .

========================================================================
Received Import Request.
  Time since last request: 678.324945 seconds.
  path: Assets/Prefabs/Procedural Dungeon/Tiles/Hall I.prefab
  artifactKey: Guid(3ed752610ff4dc74ba8346f7564c1f23) Importer(815301076,1909f56bfc062723c751e8b465ee728b)
Start importing Assets/Prefabs/Procedural Dungeon/Tiles/Hall I.prefab using Guid(3ed752610ff4dc74ba8346f7564c1f23) Importer(815301076,1909f56bfc062723c751e8b465ee728b)  -> (artifact id: 'b948d1227c58a730ec946fb998db63af') in 0.203922 seconds
  Import took 0.213514 seconds .

========================================================================
Received Import Request.
  Time since last request: 0.000205 seconds.
  path: Assets/Prefabs/Procedural Dungeon/Tiles/Hall T.prefab
  artifactKey: Guid(d2765ba3e7171c64381e850fd023ee78) Importer(815301076,1909f56bfc062723c751e8b465ee728b)
Start importing Assets/Prefabs/Procedural Dungeon/Tiles/Hall T.prefab using Guid(d2765ba3e7171c64381e850fd023ee78) Importer(815301076,1909f56bfc062723c751e8b465ee728b)  -> (artifact id: '98430d379e1c4a30775448fa2e37fcaa') in 0.016071 seconds
  Import took 0.024138 seconds .

========================================================================
Received Import Request.
  Time since last request: 0.000199 seconds.
  path: Assets/Prefabs/Procedural Dungeon/Tiles/Room L.prefab
  artifactKey: Guid(82be1727dab80144c9f143800c36c225) Importer(815301076,1909f56bfc062723c751e8b465ee728b)
Start importing Assets/Prefabs/Procedural Dungeon/Tiles/Room L.prefab using Guid(82be1727dab80144c9f143800c36c225) Importer(815301076,1909f56bfc062723c751e8b465ee728b)  -> (artifact id: 'fc91b76a8f0c8480e0de4866fba1fd11') in 0.013802 seconds
  Import took 0.022188 seconds .

========================================================================
Received Import Request.
  Time since last request: 0.000227 seconds.
  path: Assets/Prefabs/Procedural Dungeon/Tiles/Room X.prefab
  artifactKey: Guid(6629f521e30c7a74bb2f1be5a863a006) Importer(815301076,1909f56bfc062723c751e8b465ee728b)
Start importing Assets/Prefabs/Procedural Dungeon/Tiles/Room X.prefab using Guid(6629f521e30c7a74bb2f1be5a863a006) Importer(815301076,1909f56bfc062723c751e8b465ee728b)  -> (artifact id: '44b1bc3c3835cda4c068019a631a0e7e') in 0.017926 seconds
  Import took 0.027087 seconds .

========================================================================
Received Import Request.
  Time since last request: 0.000235 seconds.
  path: Assets/Prefabs/Procedural Dungeon/Tiles/Hall L.prefab
  artifactKey: Guid(44aa282d9f12c2a4c8394132801b4d21) Importer(815301076,1909f56bfc062723c751e8b465ee728b)
Start importing Assets/Prefabs/Procedural Dungeon/Tiles/Hall L.prefab using Guid(44aa282d9f12c2a4c8394132801b4d21) Importer(815301076,1909f56bfc062723c751e8b465ee728b)  -> (artifact id: '49e641b067ba4139b7ddcc0c22242e78') in 0.014027 seconds
  Import took 0.022346 seconds .

========================================================================
Received Import Request.
  Time since last request: 0.000193 seconds.
  path: Assets/Prefabs/Procedural Dungeon/Tiles/Room T.prefab
  artifactKey: Guid(f0755db3fc3048d41a370303f2a92b81) Importer(815301076,1909f56bfc062723c751e8b465ee728b)
Start importing Assets/Prefabs/Procedural Dungeon/Tiles/Room T.prefab using Guid(f0755db3fc3048d41a370303f2a92b81) Importer(815301076,1909f56bfc062723c751e8b465ee728b)  -> (artifact id: 'dd638026d6db2887d16961f3781a9637') in 0.012276 seconds
  Import took 0.020276 seconds .

========================================================================
Received Import Request.
  Time since last request: 0.000183 seconds.
  path: Assets/Prefabs/Procedural Dungeon/Tiles/Odd Room.prefab
  artifactKey: Guid(7e42f406dd193db4cb1e9b8b657a9ecd) Importer(815301076,1909f56bfc062723c751e8b465ee728b)
Start importing Assets/Prefabs/Procedural Dungeon/Tiles/Odd Room.prefab using Guid(7e42f406dd193db4cb1e9b8b657a9ecd) Importer(815301076,1909f56bfc062723c751e8b465ee728b)  -> (artifact id: 'e46bf879a2de1d37862b8d3a58b5aad5') in 0.012154 seconds
  Import took 0.020702 seconds .

========================================================================
Received Import Request.
  Time since last request: 0.000247 seconds.
  path: Assets/Prefabs/Procedural Dungeon/Tiles/Hall Slope.prefab
  artifactKey: Guid(f5778dea15a9e0948adaa059fa742916) Importer(815301076,1909f56bfc062723c751e8b465ee728b)
Start importing Assets/Prefabs/Procedural Dungeon/Tiles/Hall Slope.prefab using Guid(f5778dea15a9e0948adaa059fa742916) Importer(815301076,1909f56bfc062723c751e8b465ee728b)  -> (artifact id: '0289d1bdccde605e25dc4b38508e1d77') in 0.013928 seconds
  Import took 0.023959 seconds .

========================================================================
Received Import Request.
  Time since last request: 0.000246 seconds.
  path: Assets/Prefabs/Procedural Dungeon/Tiles/Hall X.prefab
  artifactKey: Guid(41fc7c2f7fc36a945b58647a8272788a) Importer(815301076,1909f56bfc062723c751e8b465ee728b)
Start importing Assets/Prefabs/Procedural Dungeon/Tiles/Hall X.prefab using Guid(41fc7c2f7fc36a945b58647a8272788a) Importer(815301076,1909f56bfc062723c751e8b465ee728b)  -> (artifact id: '5cad096e82fe83253c9afa5525df1600') in 0.012206 seconds
  Import took 0.020292 seconds .

========================================================================
Received Import Request.
  Time since last request: 0.000238 seconds.
  path: Assets/Prefabs/Procedural Dungeon/Tiles/Room I.prefab
  artifactKey: Guid(35a1ef28120c136459bde9c4bf71fbd4) Importer(815301076,1909f56bfc062723c751e8b465ee728b)
Start importing Assets/Prefabs/Procedural Dungeon/Tiles/Room I.prefab using Guid(35a1ef28120c136459bde9c4bf71fbd4) Importer(815301076,1909f56bfc062723c751e8b465ee728b)  -> (artifact id: 'f51328a656eb52e0026b623ee42b0b40') in 0.013182 seconds
  Import took 0.022306 seconds .

========================================================================
Received Import Request.
  Time since last request: 3.517199 seconds.
  path: Assets/Prefabs/Procedural Dungeon/Tiles/Room X.prefab
  artifactKey: Guid(6629f521e30c7a74bb2f1be5a863a006) Importer(815301076,1909f56bfc062723c751e8b465ee728b)
Start importing Assets/Prefabs/Procedural Dungeon/Tiles/Room X.prefab using Guid(6629f521e30c7a74bb2f1be5a863a006) Importer(815301076,1909f56bfc062723c751e8b465ee728b)  -> (artifact id: 'c609b7838063d164260aa5fc011435b2') in 0.008743 seconds
  Import took 0.017034 seconds .

========================================================================
Received Import Request.
  Time since last request: 3.096506 seconds.
  path: Assets/Prefabs/Procedural Dungeon/Starting Rooms/Room Cap.fancy.prefab
  artifactKey: Guid(d9b58493395c62e4eac7f4634c0e5cae) Importer(815301076,1909f56bfc062723c751e8b465ee728b)
Start importing Assets/Prefabs/Procedural Dungeon/Starting Rooms/Room Cap.fancy.prefab using Guid(d9b58493395c62e4eac7f4634c0e5cae) Importer(815301076,1909f56bfc062723c751e8b465ee728b)  -> (artifact id: '82330fc3200797330ba36aed60e9b540') in 0.014475 seconds
  Import took 0.023731 seconds .

========================================================================
Received Import Request.
  Time since last request: 0.000208 seconds.
  path: Assets/Prefabs/Procedural Dungeon/Starting Rooms/Room Cap.soft.prefab
  artifactKey: Guid(a3c39e53a1d147047975f687e69f668b) Importer(815301076,1909f56bfc062723c751e8b465ee728b)
Start importing Assets/Prefabs/Procedural Dungeon/Starting Rooms/Room Cap.soft.prefab using Guid(a3c39e53a1d147047975f687e69f668b) Importer(815301076,1909f56bfc062723c751e8b465ee728b)  -> (artifact id: '773730b48be7ce495647dcb8105f4bd5') in 0.012457 seconds
  Import took 0.020209 seconds .

========================================================================
Received Import Request.
  Time since last request: 0.000227 seconds.
  path: Assets/Prefabs/Procedural Dungeon/Starting Rooms/Room Cap.prefab
  artifactKey: Guid(ca3c17b63ec60a346b8a6a7e2e0d792b) Importer(815301076,1909f56bfc062723c751e8b465ee728b)
Start importing Assets/Prefabs/Procedural Dungeon/Starting Rooms/Room Cap.prefab using Guid(ca3c17b63ec60a346b8a6a7e2e0d792b) Importer(815301076,1909f56bfc062723c751e8b465ee728b)  -> (artifact id: 'b5ed753df7150ce9b797c24336dad460') in 0.013305 seconds
  Import took 0.022210 seconds .

========================================================================
Received Import Request.
  Time since last request: 1.297522 seconds.
  path: Assets/Prefabs/Procedural Dungeon/Starting Rooms/Room Cap.fancy.prefab
  artifactKey: Guid(d9b58493395c62e4eac7f4634c0e5cae) Importer(815301076,1909f56bfc062723c751e8b465ee728b)
Start importing Assets/Prefabs/Procedural Dungeon/Starting Rooms/Room Cap.fancy.prefab using Guid(d9b58493395c62e4eac7f4634c0e5cae) Importer(815301076,1909f56bfc062723c751e8b465ee728b)  -> (artifact id: 'c9ad97a2b030c93d9a8cc2fc5a4205c9') in 0.014200 seconds
  Import took 0.024219 seconds .

========================================================================
Received Import Request.
  Time since last request: 0.000239 seconds.
  path: Assets/Prefabs/Procedural Dungeon/Starting Rooms/Room Cap.soft.prefab
  artifactKey: Guid(a3c39e53a1d147047975f687e69f668b) Importer(815301076,1909f56bfc062723c751e8b465ee728b)
Start importing Assets/Prefabs/Procedural Dungeon/Starting Rooms/Room Cap.soft.prefab using Guid(a3c39e53a1d147047975f687e69f668b) Importer(815301076,1909f56bfc062723c751e8b465ee728b)  -> (artifact id: '0aea0f8ccbd7419184c27490307d86a9') in 0.012715 seconds
  Import took 0.021012 seconds .

========================================================================
Received Import Request.
  Time since last request: 0.000520 seconds.
  path: Assets/Prefabs/Procedural Dungeon/Starting Rooms/Room Cap.prefab
  artifactKey: Guid(ca3c17b63ec60a346b8a6a7e2e0d792b) Importer(815301076,1909f56bfc062723c751e8b465ee728b)
Start importing Assets/Prefabs/Procedural Dungeon/Starting Rooms/Room Cap.prefab using Guid(ca3c17b63ec60a346b8a6a7e2e0d792b) Importer(815301076,1909f56bfc062723c751e8b465ee728b)  -> (artifact id: 'bcc7a6795686e79166e787edc037faad') in 0.009724 seconds
  Import took 0.017866 seconds .

========================================================================
Received Import Request.
  Time since last request: 1.687230 seconds.
  path: Assets/Prefabs/Procedural Dungeon/Tiles/Hall I.prefab
  artifactKey: Guid(3ed752610ff4dc74ba8346f7564c1f23) Importer(815301076,1909f56bfc062723c751e8b465ee728b)
Start importing Assets/Prefabs/Procedural Dungeon/Tiles/Hall I.prefab using Guid(3ed752610ff4dc74ba8346f7564c1f23) Importer(815301076,1909f56bfc062723c751e8b465ee728b)  -> (artifact id: 'b28a5b32a1bc00a9575763b0efb5c0fd') in 0.008001 seconds
  Import took 0.017470 seconds .

========================================================================
Received Import Request.
  Time since last request: 0.000198 seconds.
  path: Assets/Prefabs/Procedural Dungeon/Tiles/Hall T.prefab
  artifactKey: Guid(d2765ba3e7171c64381e850fd023ee78) Importer(815301076,1909f56bfc062723c751e8b465ee728b)
Start importing Assets/Prefabs/Procedural Dungeon/Tiles/Hall T.prefab using Guid(d2765ba3e7171c64381e850fd023ee78) Importer(815301076,1909f56bfc062723c751e8b465ee728b)  -> (artifact id: '593243d3da731ecb257f1090390c03b9') in 0.008050 seconds
  Import took 0.015649 seconds .

========================================================================
Received Import Request.
  Time since last request: 0.000217 seconds.
  path: Assets/Prefabs/Procedural Dungeon/Tiles/Room L.prefab
  artifactKey: Guid(82be1727dab80144c9f143800c36c225) Importer(815301076,1909f56bfc062723c751e8b465ee728b)
Start importing Assets/Prefabs/Procedural Dungeon/Tiles/Room L.prefab using Guid(82be1727dab80144c9f143800c36c225) Importer(815301076,1909f56bfc062723c751e8b465ee728b)  -> (artifact id: '36137f71b01c9a23d61be3fc0a89239b') in 0.007467 seconds
  Import took 0.015475 seconds .

========================================================================
Received Import Request.
  Time since last request: 0.000219 seconds.
  path: Assets/Prefabs/Procedural Dungeon/Tiles/Hall L.prefab
  artifactKey: Guid(44aa282d9f12c2a4c8394132801b4d21) Importer(815301076,1909f56bfc062723c751e8b465ee728b)
Start importing Assets/Prefabs/Procedural Dungeon/Tiles/Hall L.prefab using Guid(44aa282d9f12c2a4c8394132801b4d21) Importer(815301076,1909f56bfc062723c751e8b465ee728b)  -> (artifact id: 'f67b68cd33fa98c197ecec7209bfb2aa') in 0.009612 seconds
  Import took 0.018971 seconds .

========================================================================
Received Import Request.
  Time since last request: 0.000196 seconds.
  path: Assets/Prefabs/Procedural Dungeon/Tiles/Room T.prefab
  artifactKey: Guid(f0755db3fc3048d41a370303f2a92b81) Importer(815301076,1909f56bfc062723c751e8b465ee728b)
Start importing Assets/Prefabs/Procedural Dungeon/Tiles/Room T.prefab using Guid(f0755db3fc3048d41a370303f2a92b81) Importer(815301076,1909f56bfc062723c751e8b465ee728b)  -> (artifact id: '9fbf49c70df47a71c5f78f5a70cdc19e') in 0.011244 seconds
  Import took 0.019773 seconds .

========================================================================
Received Import Request.
  Time since last request: 0.000198 seconds.
  path: Assets/Prefabs/Procedural Dungeon/Tiles/Odd Room.prefab
  artifactKey: Guid(7e42f406dd193db4cb1e9b8b657a9ecd) Importer(815301076,1909f56bfc062723c751e8b465ee728b)
Start importing Assets/Prefabs/Procedural Dungeon/Tiles/Odd Room.prefab using Guid(7e42f406dd193db4cb1e9b8b657a9ecd) Importer(815301076,1909f56bfc062723c751e8b465ee728b)  -> (artifact id: '863c863320cb150426b56a199323c171') in 0.012215 seconds
  Import took 0.020348 seconds .

========================================================================
Received Import Request.
  Time since last request: 0.000221 seconds.
  path: Assets/Prefabs/Procedural Dungeon/Tiles/Hall Slope.prefab
  artifactKey: Guid(f5778dea15a9e0948adaa059fa742916) Importer(815301076,1909f56bfc062723c751e8b465ee728b)
Start importing Assets/Prefabs/Procedural Dungeon/Tiles/Hall Slope.prefab using Guid(f5778dea15a9e0948adaa059fa742916) Importer(815301076,1909f56bfc062723c751e8b465ee728b)  -> (artifact id: '5a4740ba1e65a5a6ea8853d1dbfd6c9a') in 0.006990 seconds
  Import took 0.014486 seconds .

========================================================================
Received Import Request.
  Time since last request: 0.000207 seconds.
  path: Assets/Prefabs/Procedural Dungeon/Tiles/Hall X.prefab
  artifactKey: Guid(41fc7c2f7fc36a945b58647a8272788a) Importer(815301076,1909f56bfc062723c751e8b465ee728b)
Start importing Assets/Prefabs/Procedural Dungeon/Tiles/Hall X.prefab using Guid(41fc7c2f7fc36a945b58647a8272788a) Importer(815301076,1909f56bfc062723c751e8b465ee728b)  -> (artifact id: '13d66a0d79fc7560f63ae8bfcadd444b') in 0.013375 seconds
  Import took 0.022384 seconds .

========================================================================
Received Import Request.
  Time since last request: 0.000197 seconds.
  path: Assets/Prefabs/Procedural Dungeon/Tiles/Room I.prefab
  artifactKey: Guid(35a1ef28120c136459bde9c4bf71fbd4) Importer(815301076,1909f56bfc062723c751e8b465ee728b)
Start importing Assets/Prefabs/Procedural Dungeon/Tiles/Room I.prefab using Guid(35a1ef28120c136459bde9c4bf71fbd4) Importer(815301076,1909f56bfc062723c751e8b465ee728b)  -> (artifact id: 'af9ccd8f056d682ea86cb2aac73c2a5a') in 0.007557 seconds
  Import took 0.015839 seconds .

========================================================================
Received Prepare
Registering precompiled user dll's ...
Registered in 0.004665 seconds.
Begin MonoManager ReloadAssembly
Native extension for WindowsStandalone target not found
Native extension for WebGL target not found
Refreshing native plugins compatible for Editor in 0.95 ms, found 1 plugins.
Preloading 0 native plugins for Editor in 0.00 ms.
Mono: successfully reloaded assembly
- Completed reload, in  1.419 seconds
Platform modules already initialized, skipping
Shader 'Universal Render Pipeline/Particles/Lit': fallback shader 'Universal Render Pipeline/Particles/SimpleLit' not found
Refreshing native plugins compatible for Editor in 1.07 ms, found 1 plugins.
Preloading 0 native plugins for Editor in 0.00 ms.
Unloading 4331 Unused Serialized files (Serialized files now loaded: 0)
System memory in use before: 204.9 MB.
System memory in use after: 205.2 MB.

Unloading 19 unused Assets to reduce memory usage. Loaded Objects now: 5140.
Total: 4.479200 ms (FindLiveObjects: 0.599700 ms CreateObjectMapping: 0.496100 ms MarkObjects: 3.360600 ms  DeleteObjects: 0.020800 ms)

========================================================================
Received Import Request.
  Time since last request: 183.375892 seconds.
  path: Assets/Prefabs/Procedural Dungeon/Tiles/Hall T.prefab
  artifactKey: Guid(d2765ba3e7171c64381e850fd023ee78) Importer(815301076,1909f56bfc062723c751e8b465ee728b)
Start importing Assets/Prefabs/Procedural Dungeon/Tiles/Hall T.prefab using Guid(d2765ba3e7171c64381e850fd023ee78) Importer(815301076,1909f56bfc062723c751e8b465ee728b)  -> (artifact id: '99c12814b1e791bce64ee708423e5ebe') in 0.142022 seconds
  Import took 0.150776 seconds .

========================================================================
Received Import Request.
  Time since last request: 0.000195 seconds.
  path: Assets/Prefabs/Procedural Dungeon/Tiles/Room L.prefab
  artifactKey: Guid(82be1727dab80144c9f143800c36c225) Importer(815301076,1909f56bfc062723c751e8b465ee728b)
Start importing Assets/Prefabs/Procedural Dungeon/Tiles/Room L.prefab using Guid(82be1727dab80144c9f143800c36c225) Importer(815301076,1909f56bfc062723c751e8b465ee728b)  -> (artifact id: '64275c926d22a50d5044e0326fdaf0d1') in 0.008670 seconds
  Import took 0.015060 seconds .

========================================================================
Received Import Request.
  Time since last request: 0.000214 seconds.
  path: Assets/Prefabs/Procedural Dungeon/Tiles/Hall I.prefab
  artifactKey: Guid(3ed752610ff4dc74ba8346f7564c1f23) Importer(815301076,1909f56bfc062723c751e8b465ee728b)
Start importing Assets/Prefabs/Procedural Dungeon/Tiles/Hall I.prefab using Guid(3ed752610ff4dc74ba8346f7564c1f23) Importer(815301076,1909f56bfc062723c751e8b465ee728b)  -> (artifact id: 'c29d71275a8d31e820b313cbd7050584') in 0.010984 seconds
  Import took 0.019299 seconds .

========================================================================
Received Import Request.
  Time since last request: 0.000202 seconds.
  path: Assets/Prefabs/Procedural Dungeon/Tiles/Hall L.prefab
  artifactKey: Guid(44aa282d9f12c2a4c8394132801b4d21) Importer(815301076,1909f56bfc062723c751e8b465ee728b)
Start importing Assets/Prefabs/Procedural Dungeon/Tiles/Hall L.prefab using Guid(44aa282d9f12c2a4c8394132801b4d21) Importer(815301076,1909f56bfc062723c751e8b465ee728b)  -> (artifact id: '518691617a58eae1a3cc34cffd66a05d') in 0.011482 seconds
  Import took 0.020613 seconds .

========================================================================
Received Import Request.
  Time since last request: 0.000590 seconds.
  path: Assets/Prefabs/Procedural Dungeon/Tiles/Room X.prefab
  artifactKey: Guid(6629f521e30c7a74bb2f1be5a863a006) Importer(815301076,1909f56bfc062723c751e8b465ee728b)
Start importing Assets/Prefabs/Procedural Dungeon/Tiles/Room X.prefab using Guid(6629f521e30c7a74bb2f1be5a863a006) Importer(815301076,1909f56bfc062723c751e8b465ee728b)  -> (artifact id: '877a496c4d52cf833fcff3d55a86ba6d') in 0.008977 seconds
  Import took 0.017342 seconds .

========================================================================
Received Import Request.
  Time since last request: 0.000176 seconds.
  path: Assets/Prefabs/Procedural Dungeon/Tiles/Room T.prefab
  artifactKey: Guid(f0755db3fc3048d41a370303f2a92b81) Importer(815301076,1909f56bfc062723c751e8b465ee728b)
Start importing Assets/Prefabs/Procedural Dungeon/Tiles/Room T.prefab using Guid(f0755db3fc3048d41a370303f2a92b81) Importer(815301076,1909f56bfc062723c751e8b465ee728b)  -> (artifact id: '609c6ee803b998e9c6f3b2d865203c70') in 0.008913 seconds
  Import took 0.017887 seconds .

========================================================================
Received Import Request.
  Time since last request: 0.000241 seconds.
  path: Assets/Prefabs/Procedural Dungeon/Tiles/Odd Room.prefab
  artifactKey: Guid(7e42f406dd193db4cb1e9b8b657a9ecd) Importer(815301076,1909f56bfc062723c751e8b465ee728b)
Start importing Assets/Prefabs/Procedural Dungeon/Tiles/Odd Room.prefab using Guid(7e42f406dd193db4cb1e9b8b657a9ecd) Importer(815301076,1909f56bfc062723c751e8b465ee728b)  -> (artifact id: '1336140329ca514e3f0b35a69252fc23') in 0.010167 seconds
  Import took 0.019695 seconds .

========================================================================
Received Import Request.
  Time since last request: 0.000251 seconds.
  path: Assets/Prefabs/Procedural Dungeon/Tiles/Hall Slope.prefab
  artifactKey: Guid(f5778dea15a9e0948adaa059fa742916) Importer(815301076,1909f56bfc062723c751e8b465ee728b)
Start importing Assets/Prefabs/Procedural Dungeon/Tiles/Hall Slope.prefab using Guid(f5778dea15a9e0948adaa059fa742916) Importer(815301076,1909f56bfc062723c751e8b465ee728b)  -> (artifact id: 'b183e9f1d13c0c1ec50cd045c9c7d704') in 0.009347 seconds
  Import took 0.020081 seconds .

========================================================================
Received Import Request.
  Time since last request: 0.000245 seconds.
  path: Assets/Prefabs/Procedural Dungeon/Tiles/Hall X.prefab
  artifactKey: Guid(41fc7c2f7fc36a945b58647a8272788a) Importer(815301076,1909f56bfc062723c751e8b465ee728b)
Start importing Assets/Prefabs/Procedural Dungeon/Tiles/Hall X.prefab using Guid(41fc7c2f7fc36a945b58647a8272788a) Importer(815301076,1909f56bfc062723c751e8b465ee728b)  -> (artifact id: '23e782addf16199821e87e507927ea98') in 0.011799 seconds
  Import took 0.024601 seconds .

========================================================================
Received Import Request.
  Time since last request: 0.000197 seconds.
  path: Assets/Prefabs/Procedural Dungeon/Tiles/Room I.prefab
  artifactKey: Guid(35a1ef28120c136459bde9c4bf71fbd4) Importer(815301076,1909f56bfc062723c751e8b465ee728b)
Start importing Assets/Prefabs/Procedural Dungeon/Tiles/Room I.prefab using Guid(35a1ef28120c136459bde9c4bf71fbd4) Importer(815301076,1909f56bfc062723c751e8b465ee728b)  -> (artifact id: '9fb13cea37512dbf44e6e5869540ce73') in 0.011664 seconds
  Import took 0.020632 seconds .

========================================================================
Received Import Request.
  Time since last request: 8.107976 seconds.
  path: Assets/Prefabs/Procedural Dungeon/Tiles/Hall I.prefab
  artifactKey: Guid(3ed752610ff4dc74ba8346f7564c1f23) Importer(815301076,1909f56bfc062723c751e8b465ee728b)
Start importing Assets/Prefabs/Procedural Dungeon/Tiles/Hall I.prefab using Guid(3ed752610ff4dc74ba8346f7564c1f23) Importer(815301076,1909f56bfc062723c751e8b465ee728b)  -> (artifact id: '0b31db425123a779efefbb9f2d7669f3') in 0.008275 seconds
  Import took 0.017592 seconds .

========================================================================
Received Import Request.
  Time since last request: 15.007114 seconds.
  path: Assets/Prefabs/Procedural Dungeon/Tiles/Hall L.prefab
  artifactKey: Guid(44aa282d9f12c2a4c8394132801b4d21) Importer(815301076,1909f56bfc062723c751e8b465ee728b)
Start importing Assets/Prefabs/Procedural Dungeon/Tiles/Hall L.prefab using Guid(44aa282d9f12c2a4c8394132801b4d21) Importer(815301076,1909f56bfc062723c751e8b465ee728b)  -> (artifact id: '75e202730d2b1b686c2ceb79d44073b4') in 0.007804 seconds
  Import took 0.016323 seconds .

========================================================================
Received Import Request.
  Time since last request: 3.753819 seconds.
  path: Assets/Prefabs/Procedural Dungeon/Tiles/Hall Slope.prefab
  artifactKey: Guid(f5778dea15a9e0948adaa059fa742916) Importer(815301076,1909f56bfc062723c751e8b465ee728b)
Start importing Assets/Prefabs/Procedural Dungeon/Tiles/Hall Slope.prefab using Guid(f5778dea15a9e0948adaa059fa742916) Importer(815301076,1909f56bfc062723c751e8b465ee728b)  -> (artifact id: 'd1ed4f649a55b9dd7760411f1050b8a3') in 0.009180 seconds
  Import took 0.017155 seconds .

