Using pre-set license
Built from '2020.3/staging' branch; Version is '2020.3.4f1 (0abb6314276a) revision 703331'; Using compiler version '192528614'; Build Type 'Release'
OS: 'Windows 10 Pro; OS build 19042.1288; Version 2009; 64bit' Language: 'en' Physical Memory: 16235 MB
BatchMode: 1, IsHumanControllingUs: 0, StartBugReporterOnCrash: 0, Is64bit: 1, IsPro: 0

 COMMAND LINE ARGUMENTS:
D:\Unity\2020.3.4f1\Editor\Unity.exe
-adb2
-batchMode
-noUpm
-name
AssetImportWorker1
-projectPath
D:/Unity GameProject/Comp4971C
-logFile
Logs/AssetImportWorker1.log
-srvPort
59791
Successfully changed project path to: D:/Unity GameProject/Comp4971C
D:/Unity GameProject/Comp4971C
Using Asset Import Pipeline V2.
Refreshing native plugins compatible for Editor in 145.24 ms, found 1 plugins.
Preloading 0 native plugins for Editor in 0.00 ms.
Initialize engine version: 2020.3.4f1 (0abb6314276a)
[Subsystems] Discovering subsystems at path D:/Unity/2020.3.4f1/Editor/Data/Resources/UnitySubsystems
[Subsystems] Discovering subsystems at path D:/Unity GameProject/Comp4971C/Assets
GfxDevice: creating device client; threaded=0
Direct3D:
    Version:  Direct3D 11.0 [level 11.1]
    Renderer: NVIDIA GeForce RTX 2060 SUPER (ID=0x1f06)
    Vendor:   
    VRAM:     8031 MB
    Driver:   30.0.14.7168
Shader 'Universal Render Pipeline/Particles/Lit': fallback shader 'Universal Render Pipeline/Particles/SimpleLit' not found
Initialize mono
Mono path[0] = 'D:/Unity/2020.3.4f1/Editor/Data/Managed'
Mono path[1] = 'D:/Unity/2020.3.4f1/Editor/Data/MonoBleedingEdge/lib/mono/unityjit'
Mono config path = 'D:/Unity/2020.3.4f1/Editor/Data/MonoBleedingEdge/etc'
Using monoOptions --debugger-agent=transport=dt_socket,embedding=1,server=y,suspend=n,address=127.0.0.1:56196
Begin MonoManager ReloadAssembly
Registering precompiled unity dll's ...
Register platform support module: D:/Unity/2020.3.4f1/Editor/Data/PlaybackEngines/WebGLSupport/UnityEditor.WebGL.Extensions.dll
Register platform support module: D:/Unity/2020.3.4f1/Editor/Data/PlaybackEngines/WindowsStandaloneSupport/UnityEditor.WindowsStandalone.Extensions.dll
Registered in 0.001202 seconds.
Native extension for WindowsStandalone target not found
Native extension for WebGL target not found
Refreshing native plugins compatible for Editor in 130.58 ms, found 1 plugins.
Preloading 0 native plugins for Editor in 0.00 ms.
Mono: successfully reloaded assembly
- Completed reload, in  1.538 seconds
Platform modules already initialized, skipping
Registering precompiled user dll's ...
Registered in 0.003791 seconds.
Begin MonoManager ReloadAssembly
Native extension for WindowsStandalone target not found
Native extension for WebGL target not found
Refreshing native plugins compatible for Editor in 131.78 ms, found 1 plugins.
Preloading 0 native plugins for Editor in 0.00 ms.
Mono: successfully reloaded assembly
- Completed reload, in  6.770 seconds
Platform modules already initialized, skipping
========================================================================
Worker process is ready to serve import requests
Shader 'Universal Render Pipeline/Particles/Lit': fallback shader 'Universal Render Pipeline/Particles/SimpleLit' not found
Launched and connected shader compiler UnityShaderCompiler.exe after 0.13 seconds
Refreshing native plugins compatible for Editor in 1.20 ms, found 1 plugins.
Preloading 0 native plugins for Editor in 0.00 ms.
Unloading 5040 Unused Serialized files (Serialized files now loaded: 0)
System memory in use before: 257.5 MB.
System memory in use after: 257.5 MB.

Unloading 30 unused Assets to reduce memory usage. Loaded Objects now: 5491.
Total: 5.039900 ms (FindLiveObjects: 0.635600 ms CreateObjectMapping: 0.540800 ms MarkObjects: 3.413000 ms  DeleteObjects: 0.449700 ms)

========================================================================
Received Import Request.
  path: Assets/Animations/AI/FallenAngelAnimator.controller
  artifactKey: Guid(25dc0337c4d789f40a0a6a1d5325648b) Importer(815301076,1909f56bfc062723c751e8b465ee728b)
Start importing Assets/Animations/AI/FallenAngelAnimator.controller using Guid(25dc0337c4d789f40a0a6a1d5325648b) Importer(815301076,1909f56bfc062723c751e8b465ee728b)  -> (artifact id: '7a37d972cd2be359c46605f7d569324d') in 0.149423 seconds
  Import took 0.160610 seconds .

========================================================================
Received Import Request.
  Time since last request: 140.194724 seconds.
  path: Assets/Imported Assets/Grim Reaper/Animator/FallenAngel03@Idle01.FBX
  artifactKey: Guid(ffae00900811c9547b9f606ad4e60b5a) Importer(815301076,1909f56bfc062723c751e8b465ee728b)
Start importing Assets/Imported Assets/Grim Reaper/Animator/FallenAngel03@Idle01.FBX using Guid(ffae00900811c9547b9f606ad4e60b5a) Importer(815301076,1909f56bfc062723c751e8b465ee728b)  -> (artifact id: '5b16a99c86d973091ba551141369d08b') in 0.399032 seconds
  Import took 0.410436 seconds .

========================================================================
Received Import Request.
  Time since last request: 0.001026 seconds.
  path: Assets/Imported Assets/Grim Reaper/Animator/FallenAngel03@Idle01.FBX
  artifactKey: Guid(ffae00900811c9547b9f606ad4e60b5a) Importer(815301076,1909f56bfc062723c751e8b465ee728b)
Start importing Assets/Imported Assets/Grim Reaper/Animator/FallenAngel03@Idle01.FBX using Guid(ffae00900811c9547b9f606ad4e60b5a) Importer(815301076,1909f56bfc062723c751e8b465ee728b)  -> (artifact id: '5b16a99c86d973091ba551141369d08b') in 0.057682 seconds
  Import took 0.067880 seconds .

========================================================================
Received Import Request.
  Time since last request: 173.244396 seconds.
  path: Assets/Animations/AI/FallenAngelAnimator.controller
  artifactKey: Guid(25dc0337c4d789f40a0a6a1d5325648b) Importer(815301076,1909f56bfc062723c751e8b465ee728b)
Start importing Assets/Animations/AI/FallenAngelAnimator.controller using Guid(25dc0337c4d789f40a0a6a1d5325648b) Importer(815301076,1909f56bfc062723c751e8b465ee728b)  -> (artifact id: 'a638b6825409d8408f57ee8489861c77') in 0.030863 seconds
  Import took 0.042843 seconds .

========================================================================
Received Prepare
Registering precompiled user dll's ...
Registered in 0.003893 seconds.
Begin MonoManager ReloadAssembly
Native extension for WindowsStandalone target not found
Native extension for WebGL target not found
Refreshing native plugins compatible for Editor in 1.69 ms, found 1 plugins.
Preloading 0 native plugins for Editor in 0.00 ms.
Mono: successfully reloaded assembly
- Completed reload, in  1.564 seconds
Platform modules already initialized, skipping
Shader 'Universal Render Pipeline/Particles/Lit': fallback shader 'Universal Render Pipeline/Particles/SimpleLit' not found
Refreshing native plugins compatible for Editor in 1.21 ms, found 1 plugins.
Preloading 0 native plugins for Editor in 0.00 ms.
Unloading 4759 Unused Serialized files (Serialized files now loaded: 0)
System memory in use before: 256.6 MB.
System memory in use after: 256.7 MB.

Unloading 23 unused Assets to reduce memory usage. Loaded Objects now: 5660.
Total: 6.662500 ms (FindLiveObjects: 1.262900 ms CreateObjectMapping: 0.763800 ms MarkObjects: 3.939400 ms  DeleteObjects: 0.694500 ms)

========================================================================
Received Prepare
Registering precompiled user dll's ...
Registered in 0.003789 seconds.
Begin MonoManager ReloadAssembly
Native extension for WindowsStandalone target not found
Native extension for WebGL target not found
Refreshing native plugins compatible for Editor in 1.26 ms, found 1 plugins.
Preloading 0 native plugins for Editor in 0.00 ms.
Mono: successfully reloaded assembly
- Completed reload, in  1.407 seconds
Platform modules already initialized, skipping
Shader 'Universal Render Pipeline/Particles/Lit': fallback shader 'Universal Render Pipeline/Particles/SimpleLit' not found
Refreshing native plugins compatible for Editor in 1.15 ms, found 1 plugins.
Preloading 0 native plugins for Editor in 0.00 ms.
Unloading 4759 Unused Serialized files (Serialized files now loaded: 0)
System memory in use before: 256.7 MB.
System memory in use after: 256.8 MB.

Unloading 23 unused Assets to reduce memory usage. Loaded Objects now: 5663.
Total: 4.815100 ms (FindLiveObjects: 0.514100 ms CreateObjectMapping: 0.221000 ms MarkObjects: 3.626400 ms  DeleteObjects: 0.452300 ms)

========================================================================
Received Import Request.
  Time since last request: 427.350019 seconds.
  path: Assets/Scripts/AI/AIController.cs
  artifactKey: Guid(6038d4425f8dd9c42a8245e511803b34) Importer(815301076,1909f56bfc062723c751e8b465ee728b)
Start importing Assets/Scripts/AI/AIController.cs using Guid(6038d4425f8dd9c42a8245e511803b34) Importer(815301076,1909f56bfc062723c751e8b465ee728b)  -> (artifact id: '5dc66d033e292ecde7c646be6f5744c7') in 0.023159 seconds
  Import took 0.033915 seconds .

========================================================================
Received Prepare
Registering precompiled user dll's ...
Registered in 0.003903 seconds.
Begin MonoManager ReloadAssembly
Native extension for WindowsStandalone target not found
Native extension for WebGL target not found
Refreshing native plugins compatible for Editor in 1.26 ms, found 1 plugins.
Preloading 0 native plugins for Editor in 0.00 ms.
Mono: successfully reloaded assembly
- Completed reload, in  1.456 seconds
Platform modules already initialized, skipping
Shader 'Universal Render Pipeline/Particles/Lit': fallback shader 'Universal Render Pipeline/Particles/SimpleLit' not found
Refreshing native plugins compatible for Editor in 1.23 ms, found 1 plugins.
Preloading 0 native plugins for Editor in 0.00 ms.
Unloading 4759 Unused Serialized files (Serialized files now loaded: 0)
System memory in use before: 256.7 MB.
System memory in use after: 256.8 MB.

Unloading 23 unused Assets to reduce memory usage. Loaded Objects now: 5666.
Total: 7.613200 ms (FindLiveObjects: 1.082000 ms CreateObjectMapping: 0.612700 ms MarkObjects: 5.266400 ms  DeleteObjects: 0.650700 ms)

========================================================================
Received Import Request.
  Time since last request: 46.562566 seconds.
  path: Assets/Scripts/AI/EnemyCharacter/AICharacterFallenAngel.cs
  artifactKey: Guid(1f1e79ad2d4a127438b2bee9f5427b38) Importer(815301076,1909f56bfc062723c751e8b465ee728b)
Start importing Assets/Scripts/AI/EnemyCharacter/AICharacterFallenAngel.cs using Guid(1f1e79ad2d4a127438b2bee9f5427b38) Importer(815301076,1909f56bfc062723c751e8b465ee728b)  -> (artifact id: '1ddcf770ddbf59ff81e2b2d9f034140d') in 0.011529 seconds
  Import took 0.021415 seconds .

========================================================================
Received Prepare
Registering precompiled user dll's ...
Registered in 0.008637 seconds.
Begin MonoManager ReloadAssembly
Native extension for WindowsStandalone target not found
Native extension for WebGL target not found
Refreshing native plugins compatible for Editor in 1.25 ms, found 1 plugins.
Preloading 0 native plugins for Editor in 0.00 ms.
Mono: successfully reloaded assembly
- Completed reload, in  1.425 seconds
Platform modules already initialized, skipping
Shader 'Universal Render Pipeline/Particles/Lit': fallback shader 'Universal Render Pipeline/Particles/SimpleLit' not found
Refreshing native plugins compatible for Editor in 1.17 ms, found 1 plugins.
Preloading 0 native plugins for Editor in 0.00 ms.
Unloading 4759 Unused Serialized files (Serialized files now loaded: 0)
System memory in use before: 256.7 MB.
System memory in use after: 256.8 MB.

Unloading 23 unused Assets to reduce memory usage. Loaded Objects now: 5669.
Total: 5.290400 ms (FindLiveObjects: 0.652600 ms CreateObjectMapping: 0.579700 ms MarkObjects: 3.561800 ms  DeleteObjects: 0.495000 ms)

========================================================================
Received Import Request.
  Time since last request: 166.931819 seconds.
  path: Assets/Scripts/AI/AnimatorStateMachine/Slime/RandomWanderingState.cs
  artifactKey: Guid(0dd3988af61ed224b8eb0b4473ab4089) Importer(815301076,1909f56bfc062723c751e8b465ee728b)
Start importing Assets/Scripts/AI/AnimatorStateMachine/Slime/RandomWanderingState.cs using Guid(0dd3988af61ed224b8eb0b4473ab4089) Importer(815301076,1909f56bfc062723c751e8b465ee728b)  -> (artifact id: 'd0a12d3d4257f41f73cea68d7c7a9f06') in 0.013833 seconds
  Import took 0.024700 seconds .

========================================================================
Received Import Request.
  Time since last request: 25.183541 seconds.
  path: Assets/Animations/AI/SlimeAnimator.controller
  artifactKey: Guid(72c67a39c29e99a4b8191de16f37b431) Importer(815301076,1909f56bfc062723c751e8b465ee728b)
Start importing Assets/Animations/AI/SlimeAnimator.controller using Guid(72c67a39c29e99a4b8191de16f37b431) Importer(815301076,1909f56bfc062723c751e8b465ee728b)  -> (artifact id: '6c8601e68c110a6540e8d0574ca3626e') in 0.047444 seconds
  Import took 0.058313 seconds .

========================================================================
Received Prepare
Registering precompiled user dll's ...
Registered in 0.004451 seconds.
Begin MonoManager ReloadAssembly
Native extension for WindowsStandalone target not found
Native extension for WebGL target not found
Refreshing native plugins compatible for Editor in 1.10 ms, found 1 plugins.
Preloading 0 native plugins for Editor in 0.00 ms.
Mono: successfully reloaded assembly
- Completed reload, in  1.464 seconds
Platform modules already initialized, skipping
Shader 'Universal Render Pipeline/Particles/Lit': fallback shader 'Universal Render Pipeline/Particles/SimpleLit' not found
Refreshing native plugins compatible for Editor in 1.68 ms, found 1 plugins.
Preloading 0 native plugins for Editor in 0.00 ms.
Unloading 4759 Unused Serialized files (Serialized files now loaded: 0)
System memory in use before: 256.6 MB.
System memory in use after: 256.7 MB.

Unloading 23 unused Assets to reduce memory usage. Loaded Objects now: 5672.
Total: 4.732200 ms (FindLiveObjects: 0.642700 ms CreateObjectMapping: 0.525800 ms MarkObjects: 3.110200 ms  DeleteObjects: 0.451900 ms)

========================================================================
Received Import Request.
  Time since last request: 3481.781660 seconds.
  path: Assets/Scripts/AI/AnimatorStateMachine/RandWanderState.cs
  artifactKey: Guid(5069691f5e8098d49a424d3faac78424) Importer(815301076,1909f56bfc062723c751e8b465ee728b)
Start importing Assets/Scripts/AI/AnimatorStateMachine/RandWanderState.cs using Guid(5069691f5e8098d49a424d3faac78424) Importer(815301076,1909f56bfc062723c751e8b465ee728b)  -> (artifact id: '81ad9c364f7e3de584612f6e77d3be75') in 0.044283 seconds
  Import took 0.071084 seconds .

========================================================================
Received Prepare
Registering precompiled user dll's ...
Registered in 0.003822 seconds.
Begin MonoManager ReloadAssembly
Native extension for WindowsStandalone target not found
Native extension for WebGL target not found
Refreshing native plugins compatible for Editor in 1.21 ms, found 1 plugins.
Preloading 0 native plugins for Editor in 0.00 ms.
Mono: successfully reloaded assembly
- Completed reload, in  1.419 seconds
Platform modules already initialized, skipping
Shader 'Universal Render Pipeline/Particles/Lit': fallback shader 'Universal Render Pipeline/Particles/SimpleLit' not found
Refreshing native plugins compatible for Editor in 1.20 ms, found 1 plugins.
Preloading 0 native plugins for Editor in 0.00 ms.
Unloading 4760 Unused Serialized files (Serialized files now loaded: 0)
System memory in use before: 256.8 MB.
System memory in use after: 256.9 MB.

Unloading 23 unused Assets to reduce memory usage. Loaded Objects now: 5676.
Total: 6.309200 ms (FindLiveObjects: 0.695900 ms CreateObjectMapping: 0.586100 ms MarkObjects: 4.511500 ms  DeleteObjects: 0.514600 ms)

========================================================================
Received Prepare
Registering precompiled user dll's ...
Registered in 0.003818 seconds.
Begin MonoManager ReloadAssembly
Native extension for WindowsStandalone target not found
Native extension for WebGL target not found
Refreshing native plugins compatible for Editor in 1.15 ms, found 1 plugins.
Preloading 0 native plugins for Editor in 0.00 ms.
Mono: successfully reloaded assembly
- Completed reload, in  1.324 seconds
Platform modules already initialized, skipping
Shader 'Universal Render Pipeline/Particles/Lit': fallback shader 'Universal Render Pipeline/Particles/SimpleLit' not found
Refreshing native plugins compatible for Editor in 1.18 ms, found 1 plugins.
Preloading 0 native plugins for Editor in 0.00 ms.
Unloading 4760 Unused Serialized files (Serialized files now loaded: 0)
System memory in use before: 256.8 MB.
System memory in use after: 256.9 MB.

Unloading 23 unused Assets to reduce memory usage. Loaded Objects now: 5679.
Total: 6.007500 ms (FindLiveObjects: 0.648600 ms CreateObjectMapping: 0.555200 ms MarkObjects: 4.311200 ms  DeleteObjects: 0.491400 ms)

========================================================================
Received Import Request.
  Time since last request: 574.862745 seconds.
  path: Assets/Scripts/AI/AnimatorStateMachine/RandWanderState.cs
  artifactKey: Guid(5069691f5e8098d49a424d3faac78424) Importer(815301076,1909f56bfc062723c751e8b465ee728b)
Start importing Assets/Scripts/AI/AnimatorStateMachine/RandWanderState.cs using Guid(5069691f5e8098d49a424d3faac78424) Importer(815301076,1909f56bfc062723c751e8b465ee728b)  -> (artifact id: '36a29c58ebcf32a7a7d18bbc223e7897') in 0.007585 seconds
  Import took 0.017358 seconds .

========================================================================
Received Prepare
Registering precompiled user dll's ...
Registered in 0.003895 seconds.
Begin MonoManager ReloadAssembly
Native extension for WindowsStandalone target not found
Native extension for WebGL target not found
Refreshing native plugins compatible for Editor in 1.08 ms, found 1 plugins.
Preloading 0 native plugins for Editor in 0.00 ms.
Mono: successfully reloaded assembly
- Completed reload, in  1.322 seconds
Platform modules already initialized, skipping
Shader 'Universal Render Pipeline/Particles/Lit': fallback shader 'Universal Render Pipeline/Particles/SimpleLit' not found
Refreshing native plugins compatible for Editor in 1.19 ms, found 1 plugins.
Preloading 0 native plugins for Editor in 0.00 ms.
Unloading 4760 Unused Serialized files (Serialized files now loaded: 0)
System memory in use before: 256.9 MB.
System memory in use after: 257.0 MB.

Unloading 23 unused Assets to reduce memory usage. Loaded Objects now: 5682.
Total: 4.901400 ms (FindLiveObjects: 0.624100 ms CreateObjectMapping: 0.542900 ms MarkObjects: 3.218200 ms  DeleteObjects: 0.515000 ms)

========================================================================
Received Import Request.
  Time since last request: 126.163654 seconds.
  path: Assets/Animations/AI/SlimeAnimator.controller
  artifactKey: Guid(72c67a39c29e99a4b8191de16f37b431) Importer(815301076,1909f56bfc062723c751e8b465ee728b)
Start importing Assets/Animations/AI/SlimeAnimator.controller using Guid(72c67a39c29e99a4b8191de16f37b431) Importer(815301076,1909f56bfc062723c751e8b465ee728b)  -> (artifact id: '8f0b8f92135e9fcc32ad810396a120ab') in 0.048326 seconds
  Import took 0.061198 seconds .

========================================================================
Received Prepare
Registering precompiled user dll's ...
Registered in 0.003768 seconds.
Begin MonoManager ReloadAssembly
Native extension for WindowsStandalone target not found
Native extension for WebGL target not found
Refreshing native plugins compatible for Editor in 1.19 ms, found 1 plugins.
Preloading 0 native plugins for Editor in 0.00 ms.
Mono: successfully reloaded assembly
- Completed reload, in  1.374 seconds
Platform modules already initialized, skipping
Shader 'Universal Render Pipeline/Particles/Lit': fallback shader 'Universal Render Pipeline/Particles/SimpleLit' not found
Refreshing native plugins compatible for Editor in 1.16 ms, found 1 plugins.
Preloading 0 native plugins for Editor in 0.00 ms.
Unloading 4760 Unused Serialized files (Serialized files now loaded: 0)
System memory in use before: 256.9 MB.
System memory in use after: 257.0 MB.

Unloading 23 unused Assets to reduce memory usage. Loaded Objects now: 5685.
Total: 4.741200 ms (FindLiveObjects: 0.437000 ms CreateObjectMapping: 0.208300 ms MarkObjects: 3.615500 ms  DeleteObjects: 0.479700 ms)

========================================================================
Received Import Request.
  Time since last request: 278.465547 seconds.
  path: Assets/Animations/AI/SlimeAnimator.controller
  artifactKey: Guid(72c67a39c29e99a4b8191de16f37b431) Importer(815301076,1909f56bfc062723c751e8b465ee728b)
Start importing Assets/Animations/AI/SlimeAnimator.controller using Guid(72c67a39c29e99a4b8191de16f37b431) Importer(815301076,1909f56bfc062723c751e8b465ee728b)  -> (artifact id: 'd89a2a74e7c472c7cac85bda3f1eed0c') in 0.048029 seconds
  Import took 0.058630 seconds .

========================================================================
Received Prepare
Registering precompiled user dll's ...
Registered in 0.004261 seconds.
Begin MonoManager ReloadAssembly
Native extension for WindowsStandalone target not found
Native extension for WebGL target not found
Refreshing native plugins compatible for Editor in 1.17 ms, found 1 plugins.
Preloading 0 native plugins for Editor in 0.00 ms.
Mono: successfully reloaded assembly
- Completed reload, in  1.371 seconds
Platform modules already initialized, skipping
Shader 'Universal Render Pipeline/Particles/Lit': fallback shader 'Universal Render Pipeline/Particles/SimpleLit' not found
Refreshing native plugins compatible for Editor in 1.17 ms, found 1 plugins.
Preloading 0 native plugins for Editor in 0.00 ms.
Unloading 4760 Unused Serialized files (Serialized files now loaded: 0)
System memory in use before: 256.7 MB.
System memory in use after: 256.8 MB.

Unloading 23 unused Assets to reduce memory usage. Loaded Objects now: 5688.
Total: 6.083600 ms (FindLiveObjects: 0.878000 ms CreateObjectMapping: 0.509700 ms MarkObjects: 4.192400 ms  DeleteObjects: 0.502500 ms)

========================================================================
Received Prepare
Registering precompiled user dll's ...
Registered in 0.005764 seconds.
Begin MonoManager ReloadAssembly
Native extension for WindowsStandalone target not found
Native extension for WebGL target not found
Refreshing native plugins compatible for Editor in 1.22 ms, found 1 plugins.
Preloading 0 native plugins for Editor in 0.00 ms.
Mono: successfully reloaded assembly
- Completed reload, in  1.431 seconds
Platform modules already initialized, skipping
Shader 'Universal Render Pipeline/Particles/Lit': fallback shader 'Universal Render Pipeline/Particles/SimpleLit' not found
Refreshing native plugins compatible for Editor in 1.16 ms, found 1 plugins.
Preloading 0 native plugins for Editor in 0.00 ms.
Unloading 4760 Unused Serialized files (Serialized files now loaded: 0)
System memory in use before: 256.9 MB.
System memory in use after: 257.0 MB.

Unloading 23 unused Assets to reduce memory usage. Loaded Objects now: 5691.
Total: 5.308700 ms (FindLiveObjects: 0.616100 ms CreateObjectMapping: 0.537100 ms MarkObjects: 3.628600 ms  DeleteObjects: 0.526000 ms)

========================================================================
Received Prepare
Registering precompiled user dll's ...
Registered in 0.003739 seconds.
Begin MonoManager ReloadAssembly
Native extension for WindowsStandalone target not found
Native extension for WebGL target not found
Refreshing native plugins compatible for Editor in 1.26 ms, found 1 plugins.
Preloading 0 native plugins for Editor in 0.00 ms.
Mono: successfully reloaded assembly
- Completed reload, in  1.392 seconds
Platform modules already initialized, skipping
Shader 'Universal Render Pipeline/Particles/Lit': fallback shader 'Universal Render Pipeline/Particles/SimpleLit' not found
Refreshing native plugins compatible for Editor in 1.19 ms, found 1 plugins.
Preloading 0 native plugins for Editor in 0.00 ms.
Unloading 4760 Unused Serialized files (Serialized files now loaded: 0)
System memory in use before: 256.9 MB.
System memory in use after: 257.0 MB.

Unloading 23 unused Assets to reduce memory usage. Loaded Objects now: 5694.
Total: 5.493400 ms (FindLiveObjects: 0.565100 ms CreateObjectMapping: 0.550100 ms MarkObjects: 3.907900 ms  DeleteObjects: 0.469600 ms)

========================================================================
Received Import Request.
  Time since last request: 1045.970777 seconds.
  path: Assets/Animations/AI/SlimeAnimator.controller
  artifactKey: Guid(72c67a39c29e99a4b8191de16f37b431) Importer(815301076,1909f56bfc062723c751e8b465ee728b)
Start importing Assets/Animations/AI/SlimeAnimator.controller using Guid(72c67a39c29e99a4b8191de16f37b431) Importer(815301076,1909f56bfc062723c751e8b465ee728b)  -> (artifact id: 'a4f428ba123b74bb63aea9e8382ca064') in 0.050174 seconds
  Import took 0.064127 seconds .

========================================================================
Received Prepare
Registering precompiled user dll's ...
Registered in 0.003909 seconds.
Begin MonoManager ReloadAssembly
Native extension for WindowsStandalone target not found
Native extension for WebGL target not found
Refreshing native plugins compatible for Editor in 1.23 ms, found 1 plugins.
Preloading 0 native plugins for Editor in 0.00 ms.
Mono: successfully reloaded assembly
- Completed reload, in  1.472 seconds
Platform modules already initialized, skipping
Shader 'Universal Render Pipeline/Particles/Lit': fallback shader 'Universal Render Pipeline/Particles/SimpleLit' not found
Refreshing native plugins compatible for Editor in 1.26 ms, found 1 plugins.
Preloading 0 native plugins for Editor in 0.00 ms.
Unloading 4760 Unused Serialized files (Serialized files now loaded: 0)
System memory in use before: 256.9 MB.
System memory in use after: 257.0 MB.

Unloading 23 unused Assets to reduce memory usage. Loaded Objects now: 5697.
Total: 5.819400 ms (FindLiveObjects: 1.009700 ms CreateObjectMapping: 0.556000 ms MarkObjects: 3.751300 ms  DeleteObjects: 0.501200 ms)

========================================================================
Received Prepare
Registering precompiled user dll's ...
Registered in 0.004163 seconds.
Begin MonoManager ReloadAssembly
Native extension for WindowsStandalone target not found
Native extension for WebGL target not found
Refreshing native plugins compatible for Editor in 1.16 ms, found 1 plugins.
Preloading 0 native plugins for Editor in 0.00 ms.
Mono: successfully reloaded assembly
- Completed reload, in  1.289 seconds
Platform modules already initialized, skipping
Shader 'Universal Render Pipeline/Particles/Lit': fallback shader 'Universal Render Pipeline/Particles/SimpleLit' not found
Refreshing native plugins compatible for Editor in 1.19 ms, found 1 plugins.
Preloading 0 native plugins for Editor in 0.00 ms.
Unloading 4760 Unused Serialized files (Serialized files now loaded: 0)
System memory in use before: 256.9 MB.
System memory in use after: 257.0 MB.

Unloading 23 unused Assets to reduce memory usage. Loaded Objects now: 5700.
Total: 4.884600 ms (FindLiveObjects: 0.476100 ms CreateObjectMapping: 0.212600 ms MarkObjects: 3.692500 ms  DeleteObjects: 0.502700 ms)

========================================================================
Received Prepare
Registering precompiled user dll's ...
Registered in 0.003901 seconds.
Begin MonoManager ReloadAssembly
Native extension for WindowsStandalone target not found
Native extension for WebGL target not found
Refreshing native plugins compatible for Editor in 1.16 ms, found 1 plugins.
Preloading 0 native plugins for Editor in 0.00 ms.
Mono: successfully reloaded assembly
- Completed reload, in  1.409 seconds
Platform modules already initialized, skipping
Shader 'Universal Render Pipeline/Particles/Lit': fallback shader 'Universal Render Pipeline/Particles/SimpleLit' not found
Refreshing native plugins compatible for Editor in 1.04 ms, found 1 plugins.
Preloading 0 native plugins for Editor in 0.00 ms.
Unloading 4760 Unused Serialized files (Serialized files now loaded: 0)
System memory in use before: 256.7 MB.
System memory in use after: 256.8 MB.

Unloading 23 unused Assets to reduce memory usage. Loaded Objects now: 5703.
Total: 6.267800 ms (FindLiveObjects: 1.014800 ms CreateObjectMapping: 0.569000 ms MarkObjects: 4.171300 ms  DeleteObjects: 0.511200 ms)

========================================================================
Received Prepare
Registering precompiled user dll's ...
Registered in 0.006230 seconds.
Begin MonoManager ReloadAssembly
Native extension for WindowsStandalone target not found
Native extension for WebGL target not found
Refreshing native plugins compatible for Editor in 1.37 ms, found 1 plugins.
Preloading 0 native plugins for Editor in 0.00 ms.
Mono: successfully reloaded assembly
- Completed reload, in  1.364 seconds
Platform modules already initialized, skipping
Shader 'Universal Render Pipeline/Particles/Lit': fallback shader 'Universal Render Pipeline/Particles/SimpleLit' not found
Refreshing native plugins compatible for Editor in 1.18 ms, found 1 plugins.
Preloading 0 native plugins for Editor in 0.00 ms.
Unloading 4760 Unused Serialized files (Serialized files now loaded: 0)
System memory in use before: 257.0 MB.
System memory in use after: 257.0 MB.

Unloading 23 unused Assets to reduce memory usage. Loaded Objects now: 5706.
Total: 5.293000 ms (FindLiveObjects: 0.640800 ms CreateObjectMapping: 0.241700 ms MarkObjects: 3.885000 ms  DeleteObjects: 0.514600 ms)

========================================================================
Received Prepare
Registering precompiled user dll's ...
Registered in 0.004529 seconds.
Begin MonoManager ReloadAssembly
Native extension for WindowsStandalone target not found
Native extension for WebGL target not found
Refreshing native plugins compatible for Editor in 1.22 ms, found 1 plugins.
Preloading 0 native plugins for Editor in 0.00 ms.
Mono: successfully reloaded assembly
- Completed reload, in  1.378 seconds
Platform modules already initialized, skipping
Shader 'Universal Render Pipeline/Particles/Lit': fallback shader 'Universal Render Pipeline/Particles/SimpleLit' not found
Refreshing native plugins compatible for Editor in 1.23 ms, found 1 plugins.
Preloading 0 native plugins for Editor in 0.00 ms.
Unloading 4760 Unused Serialized files (Serialized files now loaded: 0)
System memory in use before: 256.9 MB.
System memory in use after: 257.1 MB.

Unloading 23 unused Assets to reduce memory usage. Loaded Objects now: 5709.
Total: 4.807100 ms (FindLiveObjects: 0.462800 ms CreateObjectMapping: 0.223000 ms MarkObjects: 3.613400 ms  DeleteObjects: 0.506800 ms)

========================================================================
Received Import Request.
  Time since last request: 1093.434919 seconds.
  path: Assets/Animations/AI/FallenAngelAnimator.controller
  artifactKey: Guid(25dc0337c4d789f40a0a6a1d5325648b) Importer(815301076,1909f56bfc062723c751e8b465ee728b)
Start importing Assets/Animations/AI/FallenAngelAnimator.controller using Guid(25dc0337c4d789f40a0a6a1d5325648b) Importer(815301076,1909f56bfc062723c751e8b465ee728b)  -> (artifact id: '1b7292d2592469e3b86c62b72ca0e9ae') in 0.048714 seconds
  Import took 0.061629 seconds .

========================================================================
Received Import Request.
  Time since last request: 190.950107 seconds.
  path: Assets/Animations/AI/FallenAngelAnimator.controller
  artifactKey: Guid(25dc0337c4d789f40a0a6a1d5325648b) Importer(815301076,1909f56bfc062723c751e8b465ee728b)
Start importing Assets/Animations/AI/FallenAngelAnimator.controller using Guid(25dc0337c4d789f40a0a6a1d5325648b) Importer(815301076,1909f56bfc062723c751e8b465ee728b)  -> (artifact id: '657b4cb98d3e018bc49a2664824d1b08') in 0.033991 seconds
  Import took 0.050480 seconds .

========================================================================
Received Import Request.
  Time since last request: 5.281056 seconds.
  path: Assets/Animations/AI/SlimeAnimator.controller
  artifactKey: Guid(72c67a39c29e99a4b8191de16f37b431) Importer(815301076,1909f56bfc062723c751e8b465ee728b)
Start importing Assets/Animations/AI/SlimeAnimator.controller using Guid(72c67a39c29e99a4b8191de16f37b431) Importer(815301076,1909f56bfc062723c751e8b465ee728b)  -> (artifact id: 'a430dd112a1f43f8e0436284ecce0e7f') in 0.032928 seconds
  Import took 0.043794 seconds .

========================================================================
Received Prepare
Registering precompiled user dll's ...
Registered in 0.004024 seconds.
Begin MonoManager ReloadAssembly
Native extension for WindowsStandalone target not found
Native extension for WebGL target not found
Refreshing native plugins compatible for Editor in 2.26 ms, found 1 plugins.
Preloading 0 native plugins for Editor in 0.00 ms.
Mono: successfully reloaded assembly
- Completed reload, in  1.447 seconds
Platform modules already initialized, skipping
Shader 'Universal Render Pipeline/Particles/Lit': fallback shader 'Universal Render Pipeline/Particles/SimpleLit' not found
Refreshing native plugins compatible for Editor in 1.14 ms, found 1 plugins.
Preloading 0 native plugins for Editor in 0.00 ms.
Unloading 4760 Unused Serialized files (Serialized files now loaded: 0)
System memory in use before: 257.0 MB.
System memory in use after: 257.1 MB.

Unloading 23 unused Assets to reduce memory usage. Loaded Objects now: 5712.
Total: 6.384500 ms (FindLiveObjects: 1.103100 ms CreateObjectMapping: 0.959800 ms MarkObjects: 3.758700 ms  DeleteObjects: 0.561300 ms)

========================================================================
Received Prepare
Registering precompiled user dll's ...
Registered in 0.003675 seconds.
Begin MonoManager ReloadAssembly
Native extension for WindowsStandalone target not found
Native extension for WebGL target not found
Refreshing native plugins compatible for Editor in 1.20 ms, found 1 plugins.
Preloading 0 native plugins for Editor in 0.00 ms.
Mono: successfully reloaded assembly
- Completed reload, in  1.385 seconds
Platform modules already initialized, skipping
Shader 'Universal Render Pipeline/Particles/Lit': fallback shader 'Universal Render Pipeline/Particles/SimpleLit' not found
Refreshing native plugins compatible for Editor in 1.21 ms, found 1 plugins.
Preloading 0 native plugins for Editor in 0.00 ms.
Unloading 4760 Unused Serialized files (Serialized files now loaded: 0)
System memory in use before: 257.0 MB.
System memory in use after: 257.1 MB.

Unloading 23 unused Assets to reduce memory usage. Loaded Objects now: 5715.
Total: 5.829900 ms (FindLiveObjects: 0.624200 ms CreateObjectMapping: 0.518600 ms MarkObjects: 4.163900 ms  DeleteObjects: 0.522100 ms)

========================================================================
Received Prepare
Registering precompiled user dll's ...
Registered in 0.003594 seconds.
Begin MonoManager ReloadAssembly
Native extension for WindowsStandalone target not found
Native extension for WebGL target not found
Refreshing native plugins compatible for Editor in 1.15 ms, found 1 plugins.
Preloading 0 native plugins for Editor in 0.00 ms.
Mono: successfully reloaded assembly
- Completed reload, in  1.384 seconds
Platform modules already initialized, skipping
Shader 'Universal Render Pipeline/Particles/Lit': fallback shader 'Universal Render Pipeline/Particles/SimpleLit' not found
Refreshing native plugins compatible for Editor in 1.15 ms, found 1 plugins.
Preloading 0 native plugins for Editor in 0.00 ms.
Unloading 4760 Unused Serialized files (Serialized files now loaded: 0)
System memory in use before: 256.8 MB.
System memory in use after: 256.9 MB.

Unloading 23 unused Assets to reduce memory usage. Loaded Objects now: 5718.
Total: 5.909000 ms (FindLiveObjects: 1.008900 ms CreateObjectMapping: 0.585600 ms MarkObjects: 3.799900 ms  DeleteObjects: 0.513400 ms)

========================================================================
Received Import Request.
  Time since last request: 225.730599 seconds.
  path: Assets/Animations/AI/FallenAngelAnimator.controller
  artifactKey: Guid(25dc0337c4d789f40a0a6a1d5325648b) Importer(815301076,1909f56bfc062723c751e8b465ee728b)
Start importing Assets/Animations/AI/FallenAngelAnimator.controller using Guid(25dc0337c4d789f40a0a6a1d5325648b) Importer(815301076,1909f56bfc062723c751e8b465ee728b)  -> (artifact id: 'acd7a08a85dad58ed2c54543a3c6101b') in 0.050993 seconds
  Import took 0.063200 seconds .

========================================================================
Received Prepare
Registering precompiled user dll's ...
Registered in 0.003921 seconds.
Begin MonoManager ReloadAssembly
Native extension for WindowsStandalone target not found
Native extension for WebGL target not found
Refreshing native plugins compatible for Editor in 1.19 ms, found 1 plugins.
Preloading 0 native plugins for Editor in 0.00 ms.
Mono: successfully reloaded assembly
- Completed reload, in  1.346 seconds
Platform modules already initialized, skipping
Shader 'Universal Render Pipeline/Particles/Lit': fallback shader 'Universal Render Pipeline/Particles/SimpleLit' not found
Refreshing native plugins compatible for Editor in 1.20 ms, found 1 plugins.
Preloading 0 native plugins for Editor in 0.00 ms.
Unloading 4760 Unused Serialized files (Serialized files now loaded: 0)
System memory in use before: 257.0 MB.
System memory in use after: 257.1 MB.

Unloading 23 unused Assets to reduce memory usage. Loaded Objects now: 5721.
Total: 6.123300 ms (FindLiveObjects: 1.192700 ms CreateObjectMapping: 0.531200 ms MarkObjects: 3.915600 ms  DeleteObjects: 0.482900 ms)

========================================================================
Received Prepare
Registering precompiled user dll's ...
Registered in 0.003979 seconds.
Begin MonoManager ReloadAssembly
Native extension for WindowsStandalone target not found
Native extension for WebGL target not found
Refreshing native plugins compatible for Editor in 1.23 ms, found 1 plugins.
Preloading 0 native plugins for Editor in 0.00 ms.
Mono: successfully reloaded assembly
- Completed reload, in  1.516 seconds
Platform modules already initialized, skipping
Shader 'Universal Render Pipeline/Particles/Lit': fallback shader 'Universal Render Pipeline/Particles/SimpleLit' not found
Refreshing native plugins compatible for Editor in 1.33 ms, found 1 plugins.
Preloading 0 native plugins for Editor in 0.00 ms.
Unloading 4760 Unused Serialized files (Serialized files now loaded: 0)
System memory in use before: 257.0 MB.
System memory in use after: 257.1 MB.

Unloading 23 unused Assets to reduce memory usage. Loaded Objects now: 5724.
Total: 4.897600 ms (FindLiveObjects: 0.593100 ms CreateObjectMapping: 0.535200 ms MarkObjects: 3.281100 ms  DeleteObjects: 0.487100 ms)

========================================================================
Received Import Request.
  Time since last request: 512.281845 seconds.
  path: Assets/Animations/AI/FallenAngelAnimator.controller
  artifactKey: Guid(25dc0337c4d789f40a0a6a1d5325648b) Importer(815301076,1909f56bfc062723c751e8b465ee728b)
Start importing Assets/Animations/AI/FallenAngelAnimator.controller using Guid(25dc0337c4d789f40a0a6a1d5325648b) Importer(815301076,1909f56bfc062723c751e8b465ee728b)  -> (artifact id: 'b0bd3f20dc7c8fba0458ee2d6a839af3') in 0.053107 seconds
  Import took 0.064306 seconds .

========================================================================
Received Prepare
Registering precompiled user dll's ...
Registered in 0.004058 seconds.
Begin MonoManager ReloadAssembly
Native extension for WindowsStandalone target not found
Native extension for WebGL target not found
Refreshing native plugins compatible for Editor in 1.18 ms, found 1 plugins.
Preloading 0 native plugins for Editor in 0.00 ms.
Mono: successfully reloaded assembly
- Completed reload, in  1.355 seconds
Platform modules already initialized, skipping
Shader 'Universal Render Pipeline/Particles/Lit': fallback shader 'Universal Render Pipeline/Particles/SimpleLit' not found
Refreshing native plugins compatible for Editor in 1.19 ms, found 1 plugins.
Preloading 0 native plugins for Editor in 0.00 ms.
Unloading 4760 Unused Serialized files (Serialized files now loaded: 0)
System memory in use before: 257.0 MB.
System memory in use after: 257.1 MB.

Unloading 23 unused Assets to reduce memory usage. Loaded Objects now: 5727.
Total: 4.939400 ms (FindLiveObjects: 0.566700 ms CreateObjectMapping: 0.525100 ms MarkObjects: 3.355700 ms  DeleteObjects: 0.491200 ms)

========================================================================
Received Import Request.
  Time since last request: 54.314790 seconds.
  path: Assets/Animations/AI/FallenAngelAnimator.controller
  artifactKey: Guid(25dc0337c4d789f40a0a6a1d5325648b) Importer(815301076,1909f56bfc062723c751e8b465ee728b)
Start importing Assets/Animations/AI/FallenAngelAnimator.controller using Guid(25dc0337c4d789f40a0a6a1d5325648b) Importer(815301076,1909f56bfc062723c751e8b465ee728b)  -> (artifact id: 'f3da1f650b5bbf5798d1a0471e96a611') in 0.049133 seconds
  Import took 0.061783 seconds .

========================================================================
Received Prepare
Registering precompiled user dll's ...
Registered in 0.003782 seconds.
Begin MonoManager ReloadAssembly
Native extension for WindowsStandalone target not found
Native extension for WebGL target not found
Refreshing native plugins compatible for Editor in 1.16 ms, found 1 plugins.
Preloading 0 native plugins for Editor in 0.00 ms.
Mono: successfully reloaded assembly
- Completed reload, in  1.325 seconds
Platform modules already initialized, skipping
Shader 'Universal Render Pipeline/Particles/Lit': fallback shader 'Universal Render Pipeline/Particles/SimpleLit' not found
Refreshing native plugins compatible for Editor in 1.24 ms, found 1 plugins.
Preloading 0 native plugins for Editor in 0.00 ms.
Unloading 4760 Unused Serialized files (Serialized files now loaded: 0)
System memory in use before: 257.0 MB.
System memory in use after: 257.1 MB.

Unloading 23 unused Assets to reduce memory usage. Loaded Objects now: 5730.
Total: 5.140200 ms (FindLiveObjects: 0.611900 ms CreateObjectMapping: 0.540200 ms MarkObjects: 3.481400 ms  DeleteObjects: 0.505500 ms)

========================================================================
Received Prepare
Registering precompiled user dll's ...
Registered in 0.003988 seconds.
Begin MonoManager ReloadAssembly
Native extension for WindowsStandalone target not found
Native extension for WebGL target not found
Refreshing native plugins compatible for Editor in 1.16 ms, found 1 plugins.
Preloading 0 native plugins for Editor in 0.00 ms.
Mono: successfully reloaded assembly
- Completed reload, in  1.443 seconds
Platform modules already initialized, skipping
Shader 'Universal Render Pipeline/Particles/Lit': fallback shader 'Universal Render Pipeline/Particles/SimpleLit' not found
Refreshing native plugins compatible for Editor in 1.16 ms, found 1 plugins.
Preloading 0 native plugins for Editor in 0.00 ms.
Unloading 4760 Unused Serialized files (Serialized files now loaded: 0)
System memory in use before: 256.8 MB.
System memory in use after: 256.9 MB.

Unloading 23 unused Assets to reduce memory usage. Loaded Objects now: 5733.
Total: 4.292200 ms (FindLiveObjects: 0.458700 ms CreateObjectMapping: 0.214500 ms MarkObjects: 3.123600 ms  DeleteObjects: 0.493900 ms)

========================================================================
Received Prepare
Registering precompiled user dll's ...
Registered in 0.003799 seconds.
Begin MonoManager ReloadAssembly
Native extension for WindowsStandalone target not found
Native extension for WebGL target not found
Refreshing native plugins compatible for Editor in 1.60 ms, found 1 plugins.
Preloading 0 native plugins for Editor in 0.00 ms.
Mono: successfully reloaded assembly
- Completed reload, in  1.351 seconds
Platform modules already initialized, skipping
Shader 'Universal Render Pipeline/Particles/Lit': fallback shader 'Universal Render Pipeline/Particles/SimpleLit' not found
Refreshing native plugins compatible for Editor in 1.19 ms, found 1 plugins.
Preloading 0 native plugins for Editor in 0.00 ms.
Unloading 4760 Unused Serialized files (Serialized files now loaded: 0)
System memory in use before: 257.1 MB.
System memory in use after: 257.1 MB.

Unloading 23 unused Assets to reduce memory usage. Loaded Objects now: 5736.
Total: 5.352300 ms (FindLiveObjects: 0.614200 ms CreateObjectMapping: 0.542400 ms MarkObjects: 3.737100 ms  DeleteObjects: 0.457600 ms)

========================================================================
Received Prepare
Registering precompiled user dll's ...
Registered in 0.003635 seconds.
Begin MonoManager ReloadAssembly
Native extension for WindowsStandalone target not found
Native extension for WebGL target not found
Refreshing native plugins compatible for Editor in 1.21 ms, found 1 plugins.
Preloading 0 native plugins for Editor in 0.00 ms.
Mono: successfully reloaded assembly
- Completed reload, in  1.268 seconds
Platform modules already initialized, skipping
Shader 'Universal Render Pipeline/Particles/Lit': fallback shader 'Universal Render Pipeline/Particles/SimpleLit' not found
Refreshing native plugins compatible for Editor in 1.19 ms, found 1 plugins.
Preloading 0 native plugins for Editor in 0.00 ms.
Unloading 4760 Unused Serialized files (Serialized files now loaded: 0)
System memory in use before: 257.1 MB.
System memory in use after: 257.2 MB.

Unloading 23 unused Assets to reduce memory usage. Loaded Objects now: 5739.
Total: 4.285000 ms (FindLiveObjects: 0.422800 ms CreateObjectMapping: 0.206400 ms MarkObjects: 3.134900 ms  DeleteObjects: 0.520100 ms)

========================================================================
Received Import Request.
  Time since last request: 478.753123 seconds.
  path: Assets/Imported Assets/StarterAssets/Environment/Prefabs/Box_100x100x100_Prefab.prefab
  artifactKey: Guid(e5f4daf24146ee040b5a2d7a73b30aa0) Importer(815301076,1909f56bfc062723c751e8b465ee728b)
Start importing Assets/Imported Assets/StarterAssets/Environment/Prefabs/Box_100x100x100_Prefab.prefab using Guid(e5f4daf24146ee040b5a2d7a73b30aa0) Importer(815301076,1909f56bfc062723c751e8b465ee728b)  -> (artifact id: '54228e18796180315d0f7474c31e4199') in 0.774547 seconds
  Import took 0.786145 seconds .

========================================================================
Received Import Request.
  Time since last request: 0.000287 seconds.
  path: Assets/Imported Assets/StarterAssets/Environment/Prefabs/Environment_Prefab.prefab
  artifactKey: Guid(09aade0ecefd01e4b8f7661acf64f5c2) Importer(815301076,1909f56bfc062723c751e8b465ee728b)
Start importing Assets/Imported Assets/StarterAssets/Environment/Prefabs/Environment_Prefab.prefab using Guid(09aade0ecefd01e4b8f7661acf64f5c2) Importer(815301076,1909f56bfc062723c751e8b465ee728b)  -> (artifact id: '100cf43cd8187bf679ad98c2ce70799d') in 0.117333 seconds
  Import took 0.126906 seconds .

========================================================================
Received Import Request.
  Time since last request: 0.000271 seconds.
  path: Assets/Imported Assets/StarterAssets/Environment/Prefabs/Structure_Prefab.prefab
  artifactKey: Guid(79e624e6a8770a946afb866fd94b394b) Importer(815301076,1909f56bfc062723c751e8b465ee728b)
Start importing Assets/Imported Assets/StarterAssets/Environment/Prefabs/Structure_Prefab.prefab using Guid(79e624e6a8770a946afb866fd94b394b) Importer(815301076,1909f56bfc062723c751e8b465ee728b)  -> (artifact id: 'e8c70956b0958b090b5ed86a52da6069') in 0.018482 seconds
  Import took 0.028814 seconds .

========================================================================
Received Import Request.
  Time since last request: 0.000254 seconds.
  path: Assets/Imported Assets/StarterAssets/Environment/Prefabs/Wall_Prefab.prefab
  artifactKey: Guid(9eb847ab97b24024588682c8601254cf) Importer(815301076,1909f56bfc062723c751e8b465ee728b)
Start importing Assets/Imported Assets/StarterAssets/Environment/Prefabs/Wall_Prefab.prefab using Guid(9eb847ab97b24024588682c8601254cf) Importer(815301076,1909f56bfc062723c751e8b465ee728b)  -> (artifact id: 'd0fe1440dd961cde994624b8bdcb4437') in 0.032514 seconds
  Import took 0.041844 seconds .

========================================================================
Received Import Request.
  Time since last request: 0.000361 seconds.
  path: Assets/Imported Assets/StarterAssets/Environment/Prefabs/Box_350x250x200_Prefab.prefab
  artifactKey: Guid(7b846d8f536f007498c941069487ce81) Importer(815301076,1909f56bfc062723c751e8b465ee728b)
Start importing Assets/Imported Assets/StarterAssets/Environment/Prefabs/Box_350x250x200_Prefab.prefab using Guid(7b846d8f536f007498c941069487ce81) Importer(815301076,1909f56bfc062723c751e8b465ee728b)  -> (artifact id: '281c8cda2687454a7529f65141263203') in 0.030020 seconds
  Import took 0.039978 seconds .

========================================================================
Received Import Request.
  Time since last request: 0.000243 seconds.
  path: Assets/Imported Assets/StarterAssets/Environment/Prefabs/Box_350x250x300_Prefab.prefab
  artifactKey: Guid(687dbafc2b84b2846b9a4a7a7dae2a7e) Importer(815301076,1909f56bfc062723c751e8b465ee728b)
Start importing Assets/Imported Assets/StarterAssets/Environment/Prefabs/Box_350x250x300_Prefab.prefab using Guid(687dbafc2b84b2846b9a4a7a7dae2a7e) Importer(815301076,1909f56bfc062723c751e8b465ee728b)  -> (artifact id: '15c67476e3a252b76976fa1b59200676') in 0.024619 seconds
  Import took 0.034885 seconds .

========================================================================
Received Import Request.
  Time since last request: 0.000431 seconds.
  path: Assets/Imported Assets/StarterAssets/Environment/Prefabs/Tunnel_Prefab.prefab
  artifactKey: Guid(e5d7b87d422ee0f478ee09eb32e24f4e) Importer(815301076,1909f56bfc062723c751e8b465ee728b)
Start importing Assets/Imported Assets/StarterAssets/Environment/Prefabs/Tunnel_Prefab.prefab using Guid(e5d7b87d422ee0f478ee09eb32e24f4e) Importer(815301076,1909f56bfc062723c751e8b465ee728b)  -> (artifact id: '773f175341ef1ffa12c0118b60a91945') in 0.018510 seconds
  Import took 0.028084 seconds .

========================================================================
Received Import Request.
  Time since last request: 0.000247 seconds.
  path: Assets/Animations/SDUnity-chan_Adventure_Action_Pack/Prefab
  artifactKey: Guid(1ea81bc56ee77034eb342641a7d3fc9e) Importer(815301076,1909f56bfc062723c751e8b465ee728b)
Start importing Assets/Animations/SDUnity-chan_Adventure_Action_Pack/Prefab using Guid(1ea81bc56ee77034eb342641a7d3fc9e) Importer(815301076,1909f56bfc062723c751e8b465ee728b)  -> (artifact id: '58f267d368eb4d5eaa22ed956b9b7d11') in 0.006906 seconds
  Import took 0.016591 seconds .

========================================================================
Received Import Request.
  Time since last request: 0.000259 seconds.
  path: Assets/Imported Assets/StarterAssets/Environment/Prefabs/Ramp_Prefab.prefab
  artifactKey: Guid(8a7437817844dce4894b049de73b75f2) Importer(815301076,1909f56bfc062723c751e8b465ee728b)
Start importing Assets/Imported Assets/StarterAssets/Environment/Prefabs/Ramp_Prefab.prefab using Guid(8a7437817844dce4894b049de73b75f2) Importer(815301076,1909f56bfc062723c751e8b465ee728b)  -> (artifact id: '2cd8a4fac8653243bdf3619f321440ec') in 0.020017 seconds
  Import took 0.029711 seconds .

========================================================================
Received Import Request.
  Time since last request: 7.528953 seconds.
  path: Assets/Prefabs/Player Character SetUp.prefab
  artifactKey: Guid(61d13b4a9aa729943bd0ad2c2d4e2c70) Importer(815301076,1909f56bfc062723c751e8b465ee728b)
Start importing Assets/Prefabs/Player Character SetUp.prefab using Guid(61d13b4a9aa729943bd0ad2c2d4e2c70) Importer(815301076,1909f56bfc062723c751e8b465ee728b)  -> (artifact id: '0da283bb123a6c0d2d61eb9bbd429fe9') in 0.444781 seconds
  Import took 0.461435 seconds .

========================================================================
Received Import Request.
  Time since last request: 5.025483 seconds.
  path: Assets/Prefabs/HitBox
  artifactKey: Guid(a0bb2863e08c61346b829ed7f81e9e9c) Importer(815301076,1909f56bfc062723c751e8b465ee728b)
Start importing Assets/Prefabs/HitBox using Guid(a0bb2863e08c61346b829ed7f81e9e9c) Importer(815301076,1909f56bfc062723c751e8b465ee728b)  -> (artifact id: '40cdeed084a2c7a8290d3559cd860836') in 0.005470 seconds
  Import took 0.014056 seconds .

