Using pre-set license
Built from '2020.3/staging' branch; Version is '2020.3.4f1 (0abb6314276a) revision 703331'; Using compiler version '192528614'; Build Type 'Release'
OS: 'Windows 10 Pro; OS build 19042.1237; Version 2009; 64bit' Language: 'en' Physical Memory: 16235 MB
BatchMode: 1, IsHumanControllingUs: 0, StartBugReporterOnCrash: 0, Is64bit: 1, IsPro: 0

 COMMAND LINE ARGUMENTS:
D:\Unity\2020.3.4f1\Editor\Unity.exe
-adb2
-batchMode
-noUpm
-name
AssetImportWorker2
-projectPath
D:/Unity GameProject/Comp4971C
-logFile
Logs/AssetImportWorker2.log
-srvPort
62565
Successfully changed project path to: D:/Unity GameProject/Comp4971C
D:/Unity GameProject/Comp4971C
Using Asset Import Pipeline V2.
Refreshing native plugins compatible for Editor in 96.97 ms, found 1 plugins.
Preloading 0 native plugins for Editor in 0.00 ms.
Initialize engine version: 2020.3.4f1 (0abb6314276a)
[Subsystems] Discovering subsystems at path D:/Unity/2020.3.4f1/Editor/Data/Resources/UnitySubsystems
[Subsystems] Discovering subsystems at path D:/Unity GameProject/Comp4971C/Assets
GfxDevice: creating device client; threaded=0
Direct3D:
    Version:  Direct3D 11.0 [level 11.1]
    Renderer: NVIDIA GeForce RTX 2060 SUPER (ID=0x1f06)
    Vendor:   
    VRAM:     8031 MB
    Driver:   30.0.14.7168
Shader 'Universal Render Pipeline/Particles/Lit': fallback shader 'Universal Render Pipeline/Particles/SimpleLit' not found
Initialize mono
Mono path[0] = 'D:/Unity/2020.3.4f1/Editor/Data/Managed'
Mono path[1] = 'D:/Unity/2020.3.4f1/Editor/Data/MonoBleedingEdge/lib/mono/unityjit'
Mono config path = 'D:/Unity/2020.3.4f1/Editor/Data/MonoBleedingEdge/etc'
Using monoOptions --debugger-agent=transport=dt_socket,embedding=1,server=y,suspend=n,address=127.0.0.1:56108
Begin MonoManager ReloadAssembly
Registering precompiled unity dll's ...
Register platform support module: D:/Unity/2020.3.4f1/Editor/Data/PlaybackEngines/WebGLSupport/UnityEditor.WebGL.Extensions.dll
Register platform support module: D:/Unity/2020.3.4f1/Editor/Data/PlaybackEngines/WindowsStandaloneSupport/UnityEditor.WindowsStandalone.Extensions.dll
Registered in 0.001096 seconds.
Native extension for WindowsStandalone target not found
Native extension for WebGL target not found
Refreshing native plugins compatible for Editor in 100.01 ms, found 1 plugins.
Preloading 0 native plugins for Editor in 0.00 ms.
Mono: successfully reloaded assembly
- Completed reload, in  1.814 seconds
Platform modules already initialized, skipping
Registering precompiled user dll's ...
Registered in 0.003097 seconds.
Begin MonoManager ReloadAssembly
Native extension for WindowsStandalone target not found
Native extension for WebGL target not found
Refreshing native plugins compatible for Editor in 137.42 ms, found 1 plugins.
Preloading 0 native plugins for Editor in 0.00 ms.
Mono: successfully reloaded assembly
- Completed reload, in  2.269 seconds
Platform modules already initialized, skipping
========================================================================
Worker process is ready to serve import requests
Shader 'Universal Render Pipeline/Particles/Lit': fallback shader 'Universal Render Pipeline/Particles/SimpleLit' not found
Launched and connected shader compiler UnityShaderCompiler.exe after 0.13 seconds
Refreshing native plugins compatible for Editor in 1.23 ms, found 1 plugins.
Preloading 0 native plugins for Editor in 0.00 ms.
Unloading 4569 Unused Serialized files (Serialized files now loaded: 0)
System memory in use before: 215.3 MB.
System memory in use after: 215.6 MB.

Unloading 26 unused Assets to reduce memory usage. Loaded Objects now: 5008.
Total: 4.372100 ms (FindLiveObjects: 0.589300 ms CreateObjectMapping: 0.352900 ms MarkObjects: 3.347500 ms  DeleteObjects: 0.081000 ms)

========================================================================
Received Import Request.
  path: Assets/Prefabs/Procedural Dungeon/Tiles/Hall T.prefab
  artifactKey: Guid(d2765ba3e7171c64381e850fd023ee78) Importer(815301076,1909f56bfc062723c751e8b465ee728b)
Start importing Assets/Prefabs/Procedural Dungeon/Tiles/Hall T.prefab using Guid(d2765ba3e7171c64381e850fd023ee78) Importer(815301076,1909f56bfc062723c751e8b465ee728b)  -> (artifact id: '27c1c6825293c15bfc62853d002299ec') in 0.270661 seconds
  Import took 0.280023 seconds .

========================================================================
Received Import Request.
  Time since last request: 0.000282 seconds.
  path: Assets/Prefabs/Procedural Dungeon/Tiles/Room L.prefab
  artifactKey: Guid(82be1727dab80144c9f143800c36c225) Importer(815301076,1909f56bfc062723c751e8b465ee728b)
Start importing Assets/Prefabs/Procedural Dungeon/Tiles/Room L.prefab using Guid(82be1727dab80144c9f143800c36c225) Importer(815301076,1909f56bfc062723c751e8b465ee728b)  -> (artifact id: '3755df1a166e342e9d0e8237c7e0f684') in 0.015604 seconds
  Import took 0.024403 seconds .

========================================================================
Received Import Request.
  Time since last request: 0.000374 seconds.
  path: Assets/Prefabs/Procedural Dungeon/Tiles/Hall I.prefab
  artifactKey: Guid(3ed752610ff4dc74ba8346f7564c1f23) Importer(815301076,1909f56bfc062723c751e8b465ee728b)
Start importing Assets/Prefabs/Procedural Dungeon/Tiles/Hall I.prefab using Guid(3ed752610ff4dc74ba8346f7564c1f23) Importer(815301076,1909f56bfc062723c751e8b465ee728b)  -> (artifact id: '8be79635d074f80a80b64025ea1a1303') in 0.012599 seconds
  Import took 0.021551 seconds .

========================================================================
Received Import Request.
  Time since last request: 0.000265 seconds.
  path: Assets/Prefabs/Procedural Dungeon/Tiles/Hall L.prefab
  artifactKey: Guid(44aa282d9f12c2a4c8394132801b4d21) Importer(815301076,1909f56bfc062723c751e8b465ee728b)
Start importing Assets/Prefabs/Procedural Dungeon/Tiles/Hall L.prefab using Guid(44aa282d9f12c2a4c8394132801b4d21) Importer(815301076,1909f56bfc062723c751e8b465ee728b)  -> (artifact id: '73a39ab000c4c085952d473529a52384') in 0.011389 seconds
  Import took 0.020282 seconds .

========================================================================
Received Import Request.
  Time since last request: 0.000227 seconds.
  path: Assets/Prefabs/Procedural Dungeon/Tiles/Room X.prefab
  artifactKey: Guid(6629f521e30c7a74bb2f1be5a863a006) Importer(815301076,1909f56bfc062723c751e8b465ee728b)
Start importing Assets/Prefabs/Procedural Dungeon/Tiles/Room X.prefab using Guid(6629f521e30c7a74bb2f1be5a863a006) Importer(815301076,1909f56bfc062723c751e8b465ee728b)  -> (artifact id: 'b07d2e313a5c2edb7bd2cb7718a9da0f') in 0.012224 seconds
  Import took 0.021953 seconds .

========================================================================
Received Import Request.
  Time since last request: 0.000215 seconds.
  path: Assets/Prefabs/Procedural Dungeon/Tiles/Room T.prefab
  artifactKey: Guid(f0755db3fc3048d41a370303f2a92b81) Importer(815301076,1909f56bfc062723c751e8b465ee728b)
Start importing Assets/Prefabs/Procedural Dungeon/Tiles/Room T.prefab using Guid(f0755db3fc3048d41a370303f2a92b81) Importer(815301076,1909f56bfc062723c751e8b465ee728b)  -> (artifact id: '10036dd80dd81bf4028a601f44174432') in 0.011233 seconds
  Import took 0.020896 seconds .

========================================================================
Received Import Request.
  Time since last request: 0.000364 seconds.
  path: Assets/Prefabs/Procedural Dungeon/Tiles/Odd Room.prefab
  artifactKey: Guid(7e42f406dd193db4cb1e9b8b657a9ecd) Importer(815301076,1909f56bfc062723c751e8b465ee728b)
Start importing Assets/Prefabs/Procedural Dungeon/Tiles/Odd Room.prefab using Guid(7e42f406dd193db4cb1e9b8b657a9ecd) Importer(815301076,1909f56bfc062723c751e8b465ee728b)  -> (artifact id: '41d370ac906f1d0f708e9c9e5e1d20fe') in 0.011726 seconds
  Import took 0.021005 seconds .

========================================================================
Received Import Request.
  Time since last request: 0.000194 seconds.
  path: Assets/Prefabs/Procedural Dungeon/Tiles/Hall Slope.prefab
  artifactKey: Guid(f5778dea15a9e0948adaa059fa742916) Importer(815301076,1909f56bfc062723c751e8b465ee728b)
Start importing Assets/Prefabs/Procedural Dungeon/Tiles/Hall Slope.prefab using Guid(f5778dea15a9e0948adaa059fa742916) Importer(815301076,1909f56bfc062723c751e8b465ee728b)  -> (artifact id: 'f1d1bb336352288f2c06f3d7f0264a5d') in 0.010223 seconds
  Import took 0.017650 seconds .

========================================================================
Received Import Request.
  Time since last request: 0.000192 seconds.
  path: Assets/Prefabs/Procedural Dungeon/Tiles/Hall X.prefab
  artifactKey: Guid(41fc7c2f7fc36a945b58647a8272788a) Importer(815301076,1909f56bfc062723c751e8b465ee728b)
Start importing Assets/Prefabs/Procedural Dungeon/Tiles/Hall X.prefab using Guid(41fc7c2f7fc36a945b58647a8272788a) Importer(815301076,1909f56bfc062723c751e8b465ee728b)  -> (artifact id: 'aaa502a95c5371dc07f9ecaeb0323e60') in 0.010631 seconds
  Import took 0.019942 seconds .

========================================================================
Received Import Request.
  Time since last request: 0.000170 seconds.
  path: Assets/Prefabs/Procedural Dungeon/Tiles/Room I.prefab
  artifactKey: Guid(35a1ef28120c136459bde9c4bf71fbd4) Importer(815301076,1909f56bfc062723c751e8b465ee728b)
Start importing Assets/Prefabs/Procedural Dungeon/Tiles/Room I.prefab using Guid(35a1ef28120c136459bde9c4bf71fbd4) Importer(815301076,1909f56bfc062723c751e8b465ee728b)  -> (artifact id: '2f29394cfc735a1748b9fd95d433bae5') in 0.010142 seconds
  Import took 0.019458 seconds .

========================================================================
Received Prepare
Shader 'Universal Render Pipeline/Particles/Lit': fallback shader 'Universal Render Pipeline/Particles/SimpleLit' not found
Refreshing native plugins compatible for Editor in 3.34 ms, found 1 plugins.
Preloading 0 native plugins for Editor in 0.00 ms.
Unloading 16 Unused Serialized files (Serialized files now loaded: 0)
System memory in use before: 116.1 MB.
System memory in use after: 116.4 MB.

Unloading 16 unused Assets to reduce memory usage. Loaded Objects now: 5164.
Total: 5.643300 ms (FindLiveObjects: 0.446900 ms CreateObjectMapping: 0.176200 ms MarkObjects: 4.976900 ms  DeleteObjects: 0.042300 ms)

========================================================================
Received Prepare
Registering precompiled user dll's ...
Registered in 0.003013 seconds.
Begin MonoManager ReloadAssembly
Native extension for WindowsStandalone target not found
Native extension for WebGL target not found
Refreshing native plugins compatible for Editor in 0.92 ms, found 1 plugins.
Preloading 0 native plugins for Editor in 0.00 ms.
Mono: successfully reloaded assembly
- Completed reload, in  1.349 seconds
Platform modules already initialized, skipping
Shader 'Universal Render Pipeline/Particles/Lit': fallback shader 'Universal Render Pipeline/Particles/SimpleLit' not found
Refreshing native plugins compatible for Editor in 1.09 ms, found 1 plugins.
Preloading 0 native plugins for Editor in 0.00 ms.
Unloading 4331 Unused Serialized files (Serialized files now loaded: 0)
System memory in use before: 204.9 MB.
System memory in use after: 205.1 MB.

Unloading 19 unused Assets to reduce memory usage. Loaded Objects now: 5140.
Total: 5.369200 ms (FindLiveObjects: 0.913400 ms CreateObjectMapping: 0.297000 ms MarkObjects: 4.123100 ms  DeleteObjects: 0.034300 ms)

========================================================================
Received Prepare
Registering precompiled user dll's ...
Registered in 0.003363 seconds.
Begin MonoManager ReloadAssembly
Native extension for WindowsStandalone target not found
Native extension for WebGL target not found
Refreshing native plugins compatible for Editor in 0.97 ms, found 1 plugins.
Preloading 0 native plugins for Editor in 0.00 ms.
Mono: successfully reloaded assembly
- Completed reload, in  1.286 seconds
Platform modules already initialized, skipping
Shader 'Universal Render Pipeline/Particles/Lit': fallback shader 'Universal Render Pipeline/Particles/SimpleLit' not found
Refreshing native plugins compatible for Editor in 0.94 ms, found 1 plugins.
Preloading 0 native plugins for Editor in 0.00 ms.
Unloading 4331 Unused Serialized files (Serialized files now loaded: 0)
System memory in use before: 204.9 MB.
System memory in use after: 205.2 MB.

Unloading 19 unused Assets to reduce memory usage. Loaded Objects now: 5143.
Total: 4.000600 ms (FindLiveObjects: 0.376400 ms CreateObjectMapping: 0.160200 ms MarkObjects: 3.421300 ms  DeleteObjects: 0.041300 ms)

========================================================================
Received Prepare
Registering precompiled user dll's ...
Registered in 0.003071 seconds.
Begin MonoManager ReloadAssembly
Native extension for WindowsStandalone target not found
Native extension for WebGL target not found
Refreshing native plugins compatible for Editor in 0.94 ms, found 1 plugins.
Preloading 0 native plugins for Editor in 0.00 ms.
Mono: successfully reloaded assembly
- Completed reload, in  1.281 seconds
Platform modules already initialized, skipping
Shader 'Universal Render Pipeline/Particles/Lit': fallback shader 'Universal Render Pipeline/Particles/SimpleLit' not found
Refreshing native plugins compatible for Editor in 0.92 ms, found 1 plugins.
Preloading 0 native plugins for Editor in 0.00 ms.
Unloading 4331 Unused Serialized files (Serialized files now loaded: 0)
System memory in use before: 205.0 MB.
System memory in use after: 205.2 MB.

Unloading 19 unused Assets to reduce memory usage. Loaded Objects now: 5146.
Total: 5.146000 ms (FindLiveObjects: 0.586600 ms CreateObjectMapping: 0.439300 ms MarkObjects: 4.088300 ms  DeleteObjects: 0.031000 ms)

========================================================================
Received Prepare
Registering precompiled user dll's ...
Registered in 0.003302 seconds.
Begin MonoManager ReloadAssembly
Native extension for WindowsStandalone target not found
Native extension for WebGL target not found
Refreshing native plugins compatible for Editor in 0.98 ms, found 1 plugins.
Preloading 0 native plugins for Editor in 0.00 ms.
Mono: successfully reloaded assembly
- Completed reload, in  1.338 seconds
Platform modules already initialized, skipping
Shader 'Universal Render Pipeline/Particles/Lit': fallback shader 'Universal Render Pipeline/Particles/SimpleLit' not found
Refreshing native plugins compatible for Editor in 0.94 ms, found 1 plugins.
Preloading 0 native plugins for Editor in 0.00 ms.
Unloading 4331 Unused Serialized files (Serialized files now loaded: 0)
System memory in use before: 205.0 MB.
System memory in use after: 205.3 MB.

Unloading 19 unused Assets to reduce memory usage. Loaded Objects now: 5149.
Total: 5.324500 ms (FindLiveObjects: 0.511300 ms CreateObjectMapping: 0.260200 ms MarkObjects: 4.530500 ms  DeleteObjects: 0.021300 ms)

========================================================================
Received Prepare
Registering precompiled user dll's ...
Registered in 0.003216 seconds.
Begin MonoManager ReloadAssembly
Native extension for WindowsStandalone target not found
Native extension for WebGL target not found
Refreshing native plugins compatible for Editor in 1.31 ms, found 1 plugins.
Preloading 0 native plugins for Editor in 0.00 ms.
Mono: successfully reloaded assembly
- Completed reload, in  1.558 seconds
Platform modules already initialized, skipping
Shader 'Universal Render Pipeline/Particles/Lit': fallback shader 'Universal Render Pipeline/Particles/SimpleLit' not found
Refreshing native plugins compatible for Editor in 1.02 ms, found 1 plugins.
Preloading 0 native plugins for Editor in 0.00 ms.
Unloading 4331 Unused Serialized files (Serialized files now loaded: 0)
System memory in use before: 205.0 MB.
System memory in use after: 205.3 MB.

Unloading 19 unused Assets to reduce memory usage. Loaded Objects now: 5152.
Total: 4.595000 ms (FindLiveObjects: 0.649200 ms CreateObjectMapping: 0.226900 ms MarkObjects: 3.685300 ms  DeleteObjects: 0.032000 ms)

========================================================================
Received Prepare
Registering precompiled user dll's ...
Registered in 0.002951 seconds.
Begin MonoManager ReloadAssembly
Native extension for WindowsStandalone target not found
Native extension for WebGL target not found
Refreshing native plugins compatible for Editor in 1.14 ms, found 1 plugins.
Preloading 0 native plugins for Editor in 0.00 ms.
Mono: successfully reloaded assembly
- Completed reload, in  1.350 seconds
Platform modules already initialized, skipping
Shader 'Universal Render Pipeline/Particles/Lit': fallback shader 'Universal Render Pipeline/Particles/SimpleLit' not found
Refreshing native plugins compatible for Editor in 0.95 ms, found 1 plugins.
Preloading 0 native plugins for Editor in 0.00 ms.
Unloading 4331 Unused Serialized files (Serialized files now loaded: 0)
System memory in use before: 205.0 MB.
System memory in use after: 205.3 MB.

Unloading 19 unused Assets to reduce memory usage. Loaded Objects now: 5155.
Total: 4.135900 ms (FindLiveObjects: 0.800600 ms CreateObjectMapping: 0.465600 ms MarkObjects: 2.845700 ms  DeleteObjects: 0.022200 ms)

========================================================================
Received Prepare
Registering precompiled user dll's ...
Registered in 0.003185 seconds.
Begin MonoManager ReloadAssembly
Native extension for WindowsStandalone target not found
Native extension for WebGL target not found
Refreshing native plugins compatible for Editor in 0.99 ms, found 1 plugins.
Preloading 0 native plugins for Editor in 0.00 ms.
Mono: successfully reloaded assembly
- Completed reload, in  1.291 seconds
Platform modules already initialized, skipping
Shader 'Universal Render Pipeline/Particles/Lit': fallback shader 'Universal Render Pipeline/Particles/SimpleLit' not found
Refreshing native plugins compatible for Editor in 1.03 ms, found 1 plugins.
Preloading 0 native plugins for Editor in 0.00 ms.
Unloading 4331 Unused Serialized files (Serialized files now loaded: 0)
System memory in use before: 205.0 MB.
System memory in use after: 205.3 MB.

Unloading 19 unused Assets to reduce memory usage. Loaded Objects now: 5158.
Total: 3.928500 ms (FindLiveObjects: 0.439300 ms CreateObjectMapping: 0.177600 ms MarkObjects: 3.283800 ms  DeleteObjects: 0.026500 ms)

========================================================================
Received Prepare
Registering precompiled user dll's ...
Registered in 0.003772 seconds.
Begin MonoManager ReloadAssembly
Native extension for WindowsStandalone target not found
Native extension for WebGL target not found
Refreshing native plugins compatible for Editor in 0.92 ms, found 1 plugins.
Preloading 0 native plugins for Editor in 0.00 ms.
Mono: successfully reloaded assembly
- Completed reload, in  1.294 seconds
Platform modules already initialized, skipping
Shader 'Universal Render Pipeline/Particles/Lit': fallback shader 'Universal Render Pipeline/Particles/SimpleLit' not found
Refreshing native plugins compatible for Editor in 0.89 ms, found 1 plugins.
Preloading 0 native plugins for Editor in 0.00 ms.
Unloading 4331 Unused Serialized files (Serialized files now loaded: 0)
System memory in use before: 205.1 MB.
System memory in use after: 205.3 MB.

Unloading 19 unused Assets to reduce memory usage. Loaded Objects now: 5161.
Total: 3.670800 ms (FindLiveObjects: 0.401900 ms CreateObjectMapping: 0.178600 ms MarkObjects: 3.065800 ms  DeleteObjects: 0.023200 ms)

========================================================================
Received Prepare
Registering precompiled user dll's ...
Registered in 0.003050 seconds.
Begin MonoManager ReloadAssembly
Native extension for WindowsStandalone target not found
Native extension for WebGL target not found
Refreshing native plugins compatible for Editor in 0.97 ms, found 1 plugins.
Preloading 0 native plugins for Editor in 0.00 ms.
Mono: successfully reloaded assembly
- Completed reload, in  1.449 seconds
Platform modules already initialized, skipping
Shader 'Universal Render Pipeline/Particles/Lit': fallback shader 'Universal Render Pipeline/Particles/SimpleLit' not found
Refreshing native plugins compatible for Editor in 1.08 ms, found 1 plugins.
Preloading 0 native plugins for Editor in 0.00 ms.
Unloading 4331 Unused Serialized files (Serialized files now loaded: 0)
System memory in use before: 205.1 MB.
System memory in use after: 205.3 MB.

Unloading 19 unused Assets to reduce memory usage. Loaded Objects now: 5164.
Total: 3.896000 ms (FindLiveObjects: 0.398600 ms CreateObjectMapping: 0.180900 ms MarkObjects: 3.289400 ms  DeleteObjects: 0.026000 ms)

========================================================================
Received Prepare
Registering precompiled user dll's ...
Registered in 0.003074 seconds.
Begin MonoManager ReloadAssembly
Native extension for WindowsStandalone target not found
Native extension for WebGL target not found
Refreshing native plugins compatible for Editor in 1.05 ms, found 1 plugins.
Preloading 0 native plugins for Editor in 0.00 ms.
Mono: successfully reloaded assembly
- Completed reload, in  1.347 seconds
Platform modules already initialized, skipping
Shader 'Universal Render Pipeline/Particles/Lit': fallback shader 'Universal Render Pipeline/Particles/SimpleLit' not found
Refreshing native plugins compatible for Editor in 0.97 ms, found 1 plugins.
Preloading 0 native plugins for Editor in 0.00 ms.
Unloading 4331 Unused Serialized files (Serialized files now loaded: 0)
System memory in use before: 205.1 MB.
System memory in use after: 205.3 MB.

Unloading 19 unused Assets to reduce memory usage. Loaded Objects now: 5167.
Total: 6.947700 ms (FindLiveObjects: 0.573600 ms CreateObjectMapping: 0.178100 ms MarkObjects: 6.171700 ms  DeleteObjects: 0.023300 ms)

========================================================================
Received Prepare
Registering precompiled user dll's ...
Registered in 0.005649 seconds.
Begin MonoManager ReloadAssembly
Native extension for WindowsStandalone target not found
Native extension for WebGL target not found
Refreshing native plugins compatible for Editor in 1.38 ms, found 1 plugins.
Preloading 0 native plugins for Editor in 0.00 ms.
Mono: successfully reloaded assembly
- Completed reload, in  1.648 seconds
Platform modules already initialized, skipping
Shader 'Universal Render Pipeline/Particles/Lit': fallback shader 'Universal Render Pipeline/Particles/SimpleLit' not found
Refreshing native plugins compatible for Editor in 1.12 ms, found 1 plugins.
Preloading 0 native plugins for Editor in 0.00 ms.
Unloading 4331 Unused Serialized files (Serialized files now loaded: 0)
System memory in use before: 205.1 MB.
System memory in use after: 205.3 MB.

Unloading 19 unused Assets to reduce memory usage. Loaded Objects now: 5170.
Total: 6.259400 ms (FindLiveObjects: 0.590900 ms CreateObjectMapping: 0.450100 ms MarkObjects: 5.193500 ms  DeleteObjects: 0.023400 ms)

========================================================================
Received Prepare
Registering precompiled user dll's ...
Registered in 0.004353 seconds.
Begin MonoManager ReloadAssembly
Native extension for WindowsStandalone target not found
Native extension for WebGL target not found
Refreshing native plugins compatible for Editor in 1.47 ms, found 1 plugins.
Preloading 0 native plugins for Editor in 0.00 ms.
Mono: successfully reloaded assembly
- Completed reload, in  1.823 seconds
Platform modules already initialized, skipping
Shader 'Universal Render Pipeline/Particles/Lit': fallback shader 'Universal Render Pipeline/Particles/SimpleLit' not found
Refreshing native plugins compatible for Editor in 1.45 ms, found 1 plugins.
Preloading 0 native plugins for Editor in 0.00 ms.
Unloading 4331 Unused Serialized files (Serialized files now loaded: 0)
System memory in use before: 205.1 MB.
System memory in use after: 205.3 MB.

Unloading 19 unused Assets to reduce memory usage. Loaded Objects now: 5173.
Total: 4.401100 ms (FindLiveObjects: 0.587100 ms CreateObjectMapping: 0.356300 ms MarkObjects: 3.433400 ms  DeleteObjects: 0.023200 ms)

========================================================================
Received Prepare
Registering precompiled user dll's ...
Registered in 0.003253 seconds.
Begin MonoManager ReloadAssembly
Native extension for WindowsStandalone target not found
Native extension for WebGL target not found
Refreshing native plugins compatible for Editor in 1.05 ms, found 1 plugins.
Preloading 0 native plugins for Editor in 0.00 ms.
Mono: successfully reloaded assembly
- Completed reload, in  1.304 seconds
Platform modules already initialized, skipping
Shader 'Universal Render Pipeline/Particles/Lit': fallback shader 'Universal Render Pipeline/Particles/SimpleLit' not found
Refreshing native plugins compatible for Editor in 0.96 ms, found 1 plugins.
Preloading 0 native plugins for Editor in 0.00 ms.
Unloading 4331 Unused Serialized files (Serialized files now loaded: 0)
System memory in use before: 205.1 MB.
System memory in use after: 205.4 MB.

Unloading 19 unused Assets to reduce memory usage. Loaded Objects now: 5176.
Total: 3.739800 ms (FindLiveObjects: 0.419900 ms CreateObjectMapping: 0.179600 ms MarkObjects: 3.114900 ms  DeleteObjects: 0.024300 ms)

========================================================================
Received Prepare
Registering precompiled user dll's ...
Registered in 0.003039 seconds.
Begin MonoManager ReloadAssembly
Native extension for WindowsStandalone target not found
Native extension for WebGL target not found
Refreshing native plugins compatible for Editor in 1.15 ms, found 1 plugins.
Preloading 0 native plugins for Editor in 0.00 ms.
Mono: successfully reloaded assembly
- Completed reload, in  1.579 seconds
Platform modules already initialized, skipping
Shader 'Universal Render Pipeline/Particles/Lit': fallback shader 'Universal Render Pipeline/Particles/SimpleLit' not found
Refreshing native plugins compatible for Editor in 0.97 ms, found 1 plugins.
Preloading 0 native plugins for Editor in 0.00 ms.
Unloading 4331 Unused Serialized files (Serialized files now loaded: 0)
System memory in use before: 205.1 MB.
System memory in use after: 205.4 MB.

Unloading 19 unused Assets to reduce memory usage. Loaded Objects now: 5179.
Total: 3.705000 ms (FindLiveObjects: 0.412200 ms CreateObjectMapping: 0.197100 ms MarkObjects: 3.063500 ms  DeleteObjects: 0.031000 ms)

========================================================================
Received Prepare
Registering precompiled user dll's ...
Registered in 0.003924 seconds.
Begin MonoManager ReloadAssembly
Native extension for WindowsStandalone target not found
Native extension for WebGL target not found
Refreshing native plugins compatible for Editor in 1.77 ms, found 1 plugins.
Preloading 0 native plugins for Editor in 0.00 ms.
Mono: successfully reloaded assembly
- Completed reload, in  1.821 seconds
Platform modules already initialized, skipping
Shader 'Universal Render Pipeline/Particles/Lit': fallback shader 'Universal Render Pipeline/Particles/SimpleLit' not found
Refreshing native plugins compatible for Editor in 1.03 ms, found 1 plugins.
Preloading 0 native plugins for Editor in 0.00 ms.
Unloading 4331 Unused Serialized files (Serialized files now loaded: 0)
System memory in use before: 205.1 MB.
System memory in use after: 205.4 MB.

Unloading 19 unused Assets to reduce memory usage. Loaded Objects now: 5182.
Total: 5.500100 ms (FindLiveObjects: 0.768800 ms CreateObjectMapping: 0.473000 ms MarkObjects: 4.230400 ms  DeleteObjects: 0.025900 ms)

========================================================================
Received Prepare
Registering precompiled user dll's ...
Registered in 0.003341 seconds.
Begin MonoManager ReloadAssembly
Native extension for WindowsStandalone target not found
Native extension for WebGL target not found
Refreshing native plugins compatible for Editor in 1.09 ms, found 1 plugins.
Preloading 0 native plugins for Editor in 0.00 ms.
Mono: successfully reloaded assembly
- Completed reload, in  1.675 seconds
Platform modules already initialized, skipping
Shader 'Universal Render Pipeline/Particles/Lit': fallback shader 'Universal Render Pipeline/Particles/SimpleLit' not found
Refreshing native plugins compatible for Editor in 0.96 ms, found 1 plugins.
Preloading 0 native plugins for Editor in 0.00 ms.
Unloading 4331 Unused Serialized files (Serialized files now loaded: 0)
System memory in use before: 205.1 MB.
System memory in use after: 205.4 MB.

Unloading 19 unused Assets to reduce memory usage. Loaded Objects now: 5185.
Total: 3.301700 ms (FindLiveObjects: 0.481800 ms CreateObjectMapping: 0.171200 ms MarkObjects: 2.618600 ms  DeleteObjects: 0.028400 ms)

========================================================================
Received Prepare
Registering precompiled user dll's ...
Registered in 0.003427 seconds.
Begin MonoManager ReloadAssembly
Native extension for WindowsStandalone target not found
Native extension for WebGL target not found
Refreshing native plugins compatible for Editor in 1.10 ms, found 1 plugins.
Preloading 0 native plugins for Editor in 0.00 ms.
Mono: successfully reloaded assembly
- Completed reload, in  1.440 seconds
Platform modules already initialized, skipping
Shader 'Universal Render Pipeline/Particles/Lit': fallback shader 'Universal Render Pipeline/Particles/SimpleLit' not found
Refreshing native plugins compatible for Editor in 1.58 ms, found 1 plugins.
Preloading 0 native plugins for Editor in 0.00 ms.
Unloading 4331 Unused Serialized files (Serialized files now loaded: 0)
System memory in use before: 205.1 MB.
System memory in use after: 205.4 MB.

Unloading 19 unused Assets to reduce memory usage. Loaded Objects now: 5188.
Total: 4.363800 ms (FindLiveObjects: 0.661600 ms CreateObjectMapping: 0.193400 ms MarkObjects: 3.475600 ms  DeleteObjects: 0.032000 ms)

========================================================================
Received Prepare
Registering precompiled user dll's ...
Registered in 0.003964 seconds.
Begin MonoManager ReloadAssembly
Native extension for WindowsStandalone target not found
Native extension for WebGL target not found
Refreshing native plugins compatible for Editor in 1.63 ms, found 1 plugins.
Preloading 0 native plugins for Editor in 0.00 ms.
Mono: successfully reloaded assembly
- Completed reload, in  1.533 seconds
Platform modules already initialized, skipping
Shader 'Universal Render Pipeline/Particles/Lit': fallback shader 'Universal Render Pipeline/Particles/SimpleLit' not found
Refreshing native plugins compatible for Editor in 0.91 ms, found 1 plugins.
Preloading 0 native plugins for Editor in 0.00 ms.
Unloading 4331 Unused Serialized files (Serialized files now loaded: 0)
System memory in use before: 205.1 MB.
System memory in use after: 205.4 MB.

Unloading 19 unused Assets to reduce memory usage. Loaded Objects now: 5191.
Total: 4.361900 ms (FindLiveObjects: 0.517900 ms CreateObjectMapping: 0.185200 ms MarkObjects: 3.631700 ms  DeleteObjects: 0.026200 ms)

========================================================================
Received Prepare
Registering precompiled user dll's ...
Registered in 0.003308 seconds.
Begin MonoManager ReloadAssembly
Native extension for WindowsStandalone target not found
Native extension for WebGL target not found
Refreshing native plugins compatible for Editor in 1.06 ms, found 1 plugins.
Preloading 0 native plugins for Editor in 0.00 ms.
Mono: successfully reloaded assembly
- Completed reload, in  1.510 seconds
Platform modules already initialized, skipping
Shader 'Universal Render Pipeline/Particles/Lit': fallback shader 'Universal Render Pipeline/Particles/SimpleLit' not found
Refreshing native plugins compatible for Editor in 1.01 ms, found 1 plugins.
Preloading 0 native plugins for Editor in 0.00 ms.
Unloading 4331 Unused Serialized files (Serialized files now loaded: 0)
System memory in use before: 205.2 MB.
System memory in use after: 205.4 MB.

Unloading 19 unused Assets to reduce memory usage. Loaded Objects now: 5194.
Total: 3.730700 ms (FindLiveObjects: 0.577000 ms CreateObjectMapping: 0.184200 ms MarkObjects: 2.944900 ms  DeleteObjects: 0.023600 ms)

========================================================================
Received Prepare
Registering precompiled user dll's ...
Registered in 0.004133 seconds.
Begin MonoManager ReloadAssembly
Native extension for WindowsStandalone target not found
Native extension for WebGL target not found
Refreshing native plugins compatible for Editor in 0.96 ms, found 1 plugins.
Preloading 0 native plugins for Editor in 0.00 ms.
Mono: successfully reloaded assembly
- Completed reload, in  1.483 seconds
Platform modules already initialized, skipping
Shader 'Universal Render Pipeline/Particles/Lit': fallback shader 'Universal Render Pipeline/Particles/SimpleLit' not found
Refreshing native plugins compatible for Editor in 0.90 ms, found 1 plugins.
Preloading 0 native plugins for Editor in 0.00 ms.
Unloading 4331 Unused Serialized files (Serialized files now loaded: 0)
System memory in use before: 205.2 MB.
System memory in use after: 205.4 MB.

Unloading 19 unused Assets to reduce memory usage. Loaded Objects now: 5197.
Total: 3.947500 ms (FindLiveObjects: 0.457100 ms CreateObjectMapping: 0.174000 ms MarkObjects: 3.282000 ms  DeleteObjects: 0.033200 ms)

========================================================================
Received Prepare
Registering precompiled user dll's ...
Registered in 0.003362 seconds.
Begin MonoManager ReloadAssembly
Native extension for WindowsStandalone target not found
Native extension for WebGL target not found
Refreshing native plugins compatible for Editor in 0.92 ms, found 1 plugins.
Preloading 0 native plugins for Editor in 0.00 ms.
Mono: successfully reloaded assembly
- Completed reload, in  1.476 seconds
Platform modules already initialized, skipping
Shader 'Universal Render Pipeline/Particles/Lit': fallback shader 'Universal Render Pipeline/Particles/SimpleLit' not found
Refreshing native plugins compatible for Editor in 0.97 ms, found 1 plugins.
Preloading 0 native plugins for Editor in 0.00 ms.
Unloading 4331 Unused Serialized files (Serialized files now loaded: 0)
System memory in use before: 205.2 MB.
System memory in use after: 205.4 MB.

Unloading 19 unused Assets to reduce memory usage. Loaded Objects now: 5200.
Total: 17.657500 ms (FindLiveObjects: 1.947400 ms CreateObjectMapping: 2.500700 ms MarkObjects: 13.138900 ms  DeleteObjects: 0.069100 ms)

========================================================================
Received Import Request.
  Time since last request: 9692.394799 seconds.
  path: Assets/Prefabs/Procedural Dungeon/Starting Rooms/Room Cap.fancy.prefab
  artifactKey: Guid(d9b58493395c62e4eac7f4634c0e5cae) Importer(815301076,1909f56bfc062723c751e8b465ee728b)
Start importing Assets/Prefabs/Procedural Dungeon/Starting Rooms/Room Cap.fancy.prefab using Guid(d9b58493395c62e4eac7f4634c0e5cae) Importer(815301076,1909f56bfc062723c751e8b465ee728b)  -> (artifact id: '7f5a268e8771dc8134bd2504f99ead86') in 0.158129 seconds
  Import took 0.168311 seconds .

========================================================================
Received Import Request.
  Time since last request: 0.000222 seconds.
  path: Assets/Prefabs/Procedural Dungeon/Starting Rooms/Room Cap.soft.prefab
  artifactKey: Guid(a3c39e53a1d147047975f687e69f668b) Importer(815301076,1909f56bfc062723c751e8b465ee728b)
Start importing Assets/Prefabs/Procedural Dungeon/Starting Rooms/Room Cap.soft.prefab using Guid(a3c39e53a1d147047975f687e69f668b) Importer(815301076,1909f56bfc062723c751e8b465ee728b)  -> (artifact id: 'a8eacb0034a1b95e5afc825210e91268') in 0.013149 seconds
  Import took 0.021337 seconds .

========================================================================
Received Import Request.
  Time since last request: 0.000220 seconds.
  path: Assets/Prefabs/Procedural Dungeon/Starting Rooms/Room Cap.prefab
  artifactKey: Guid(ca3c17b63ec60a346b8a6a7e2e0d792b) Importer(815301076,1909f56bfc062723c751e8b465ee728b)
Start importing Assets/Prefabs/Procedural Dungeon/Starting Rooms/Room Cap.prefab using Guid(ca3c17b63ec60a346b8a6a7e2e0d792b) Importer(815301076,1909f56bfc062723c751e8b465ee728b)  -> (artifact id: '94dd052d4c29a5e7660068dab0ef2870') in 0.010175 seconds
  Import took 0.019126 seconds .

========================================================================
Received Prepare
Registering precompiled user dll's ...
Registered in 0.003059 seconds.
Begin MonoManager ReloadAssembly
Native extension for WindowsStandalone target not found
Native extension for WebGL target not found
Refreshing native plugins compatible for Editor in 0.94 ms, found 1 plugins.
Preloading 0 native plugins for Editor in 0.00 ms.
Mono: successfully reloaded assembly
- Completed reload, in  1.290 seconds
Platform modules already initialized, skipping
Shader 'Universal Render Pipeline/Particles/Lit': fallback shader 'Universal Render Pipeline/Particles/SimpleLit' not found
Refreshing native plugins compatible for Editor in 0.92 ms, found 1 plugins.
Preloading 0 native plugins for Editor in 0.00 ms.
Unloading 4331 Unused Serialized files (Serialized files now loaded: 0)
System memory in use before: 205.3 MB.
System memory in use after: 205.6 MB.

Unloading 19 unused Assets to reduce memory usage. Loaded Objects now: 5323.
Total: 4.942000 ms (FindLiveObjects: 0.574800 ms CreateObjectMapping: 0.370400 ms MarkObjects: 3.975000 ms  DeleteObjects: 0.020900 ms)

========================================================================
Received Import Request.
  Time since last request: 8.124807 seconds.
  path: Assets/Prefabs/Procedural Dungeon/Obstacles/Doorframe.arch.prefab
  artifactKey: Guid(0299983574c1c654abe79066d606141a) Importer(815301076,1909f56bfc062723c751e8b465ee728b)
Start importing Assets/Prefabs/Procedural Dungeon/Obstacles/Doorframe.arch.prefab using Guid(0299983574c1c654abe79066d606141a) Importer(815301076,1909f56bfc062723c751e8b465ee728b)  -> (artifact id: '7e5855d89868bf92ea33176aa28f7085') in 0.139432 seconds
  Import took 0.148157 seconds .

========================================================================
Received Import Request.
  Time since last request: 0.000187 seconds.
  path: Assets/Prefabs/Procedural Dungeon/Obstacles/Doorframe.prefab
  artifactKey: Guid(3553ff87063b97d48af308d9a2ac09d5) Importer(815301076,1909f56bfc062723c751e8b465ee728b)
Start importing Assets/Prefabs/Procedural Dungeon/Obstacles/Doorframe.prefab using Guid(3553ff87063b97d48af308d9a2ac09d5) Importer(815301076,1909f56bfc062723c751e8b465ee728b)  -> (artifact id: '59568fdfb09e0ca74a998aaf59350d44') in 0.011349 seconds
  Import took 0.019348 seconds .

========================================================================
Received Import Request.
  Time since last request: 0.000236 seconds.
  path: Assets/Prefabs/Procedural Dungeon/Obstacles/Blocked_Alcove.prefab
  artifactKey: Guid(e2339f75aef9ddf47ad4eba981767aaa) Importer(815301076,1909f56bfc062723c751e8b465ee728b)
Start importing Assets/Prefabs/Procedural Dungeon/Obstacles/Blocked_Alcove.prefab using Guid(e2339f75aef9ddf47ad4eba981767aaa) Importer(815301076,1909f56bfc062723c751e8b465ee728b)  -> (artifact id: '9c24d49bfebf32dfb6de2b74cb65567c') in 0.016138 seconds
  Import took 0.024283 seconds .

========================================================================
Received Import Request.
  Time since last request: 0.000392 seconds.
  path: Assets/Prefabs/Procedural Dungeon/Obstacles/Blocked_Wall.prefab
  artifactKey: Guid(097749402dda40a4ab0fdc45d26a7851) Importer(815301076,1909f56bfc062723c751e8b465ee728b)
Start importing Assets/Prefabs/Procedural Dungeon/Obstacles/Blocked_Wall.prefab using Guid(097749402dda40a4ab0fdc45d26a7851) Importer(815301076,1909f56bfc062723c751e8b465ee728b)  -> (artifact id: '82f0209f0c60b2543553cf7460a80bbc') in 0.018474 seconds
  Import took 0.026580 seconds .

